		Initializing .... 

Total memory allocated = 5452148
		Begin Printing Seed information

Seed point: 33 881 	Path 0 0 	User path -1 -1 -1

---------------------

Print path: 



[33 881] 

		Begin Printing Seed information

Seed point: 33 881 	Path 0 22 	User path 0 37 0

Seed point: 18 882 	Path 23 23 	User path 59 59 59

---------------------

Print path: 



[33 881] [33 882] [32 882] [32 883] [31 883] [30 883] [29 883] 
[28 883] [27 883] [26 883] [25 883] [25 884] [24 884] [23 884] 
[22 884] [22 885] [21 885] [20 885] [19 885] [18 885] [18 884] 
[18 883] [18 882] [18 882] 

		Begin Printing Seed information

Seed point: 33 881 	Path 0 22 	User path 0 37 0

Seed point: 18 882 	Path 23 43 	User path 37 93 37

Seed point: 8 892 	Path 44 44 	User path 116 116 116

---------------------

Print path: 



[33 881] [33 882] [32 882] [32 883] [31 883] [30 883] [29 883] 
[28 883] [27 883] [26 883] [25 883] [25 884] [24 884] [23 884] 
[22 884] [22 885] [21 885] [20 885] [19 885] [18 885] [18 884] 
[18 883] [18 882] [18 882] [18 883] [18 884] [17 884] [17 885] 
[16 885] [15 885] [15 884] [14 883] [13 883] [12 883] [11 884] 
[10 885] [9 886] [9 887] [9 888] [9 889] [9 890] [8 890] 
[8 891] [8 892] [8 892] 

		Begin Printing Seed information

Seed point: 33 881 	Path 0 22 	User path 0 37 0

Seed point: 18 882 	Path 23 43 	User path 37 93 37

Seed point: 8 892 	Path 44 64 	User path 93 161 93

Seed point: 25 888 	Path 65 65 	User path 181 181 181

---------------------

Print path: 



[33 881] [33 882] [32 882] [32 883] [31 883] [30 883] [29 883] 
[28 883] [27 883] [26 883] [25 883] [25 884] [24 884] [23 884] 
[22 884] [22 885] [21 885] [20 885] [19 885] [18 885] [18 884] 
[18 883] [18 882] [18 882] [18 883] [18 884] [17 884] [17 885] 
[16 885] [15 885] [15 884] [14 883] [13 883] [12 883] [11 884] 
[10 885] [9 886] [9 887] [9 888] [9 889] [9 890] [8 890] 
[8 891] [8 892] [8 892] [8 893] [9 893] [10 894] [11 895] 
[12 895] [13 895] [14 895] [15 895] [16 894] [17 893] [18 892] 
[19 891] [20 890] [21 890] [22 890] [22 889] [23 889] [23 888] 
[24 888] [25 888] [25 888] 

		Begin Printing Seed information

Seed point: 33 881 	Path 0 22 	User path 0 37 0

Seed point: 18 882 	Path 23 43 	User path 37 93 37

Seed point: 8 892 	Path 44 64 	User path 93 161 93

Seed point: 25 888 	Path 65 85 	User path 161 194 161

Seed point: 35 894 	Path 86 86 	User path 214 214 214

---------------------

Print path: 



[33 881] [33 882] [32 882] [32 883] [31 883] [30 883] [29 883] 
[28 883] [27 883] [26 883] [25 883] [25 884] [24 884] [23 884] 
[22 884] [22 885] [21 885] [20 885] [19 885] [18 885] [18 884] 
[18 883] [18 882] [18 882] [18 883] [18 884] [17 884] [17 885] 
[16 885] [15 885] [15 884] [14 883] [13 883] [12 883] [11 884] 
[10 885] [9 886] [9 887] [9 888] [9 889] [9 890] [8 890] 
[8 891] [8 892] [8 892] [8 893] [9 893] [10 894] [11 895] 
[12 895] [13 895] [14 895] [15 895] [16 894] [17 893] [18 892] 
[19 891] [20 890] [21 890] [22 890] [22 889] [23 889] [23 888] 
[24 888] [25 888] [25 888] [26 888] [27 888] [28 888] [29 888] 
[30 888] [31 888] [32 888] [33 888] [34 888] [35 888] [36 888] 
[37 888] [37 889] [37 890] [37 891] [36 891] [36 892] [36 893] 
[35 893] [35 894] [35 894] 

		Begin Printing Seed information

Seed point: 33 881 	Path 0 22 	User path 0 37 0

Seed point: 18 882 	Path 23 43 	User path 37 93 37

Seed point: 8 892 	Path 44 64 	User path 93 161 93

Seed point: 25 888 	Path 65 85 	User path 161 194 161

Seed point: 35 894 	Path 86 106 	User path 194 222 194

Seed point: 24 903 	Path 107 107 	User path 247 247 247

---------------------

Print path: 



[33 881] [33 882] [32 882] [32 883] [31 883] [30 883] [29 883] 
[28 883] [27 883] [26 883] [25 883] [25 884] [24 884] [23 884] 
[22 884] [22 885] [21 885] [20 885] [19 885] [18 885] [18 884] 
[18 883] [18 882] [18 882] [18 883] [18 884] [17 884] [17 885] 
[16 885] [15 885] [15 884] [14 883] [13 883] [12 883] [11 884] 
[10 885] [9 886] [9 887] [9 888] [9 889] [9 890] [8 890] 
[8 891] [8 892] [8 892] [8 893] [9 893] [10 894] [11 895] 
[12 895] [13 895] [14 895] [15 895] [16 894] [17 893] [18 892] 
[19 891] [20 890] [21 890] [22 890] [22 889] [23 889] [23 888] 
[24 888] [25 888] [25 888] [26 888] [27 888] [28 888] [29 888] 
[30 888] [31 888] [32 888] [33 888] [34 888] [35 888] [36 888] 
[37 888] [37 889] [37 890] [37 891] [36 891] [36 892] [36 893] 
[35 893] [35 894] [35 894] [35 895] [34 895] [34 896] [34 897] 
[33 897] [33 898] [32 898] [32 899] [32 900] [31 900] [31 901] 
[30 901] [30 902] [30 903] [29 903] [28 903] [27 903] [26 903] 
[25 903] [24 903] [24 903] 

		Begin Printing Seed information

Seed point: 33 881 	Path 0 22 	User path 0 37 0

Seed point: 18 882 	Path 23 43 	User path 37 93 37

Seed point: 8 892 	Path 44 64 	User path 93 162 93

Seed point: 25 888 	Path 65 65 	User path 341 341 341

---------------------

Print path: 



[33 881] [33 882] [32 882] [32 883] [31 883] [30 883] [29 883] 
[28 883] [27 883] [26 883] [25 883] [25 884] [24 884] [23 884] 
[22 884] [22 885] [21 885] [20 885] [19 885] [18 885] [18 884] 
[18 883] [18 882] [18 882] [18 883] [18 884] [17 884] [17 885] 
[16 885] [15 885] [15 884] [14 883] [13 883] [12 883] [11 884] 
[10 885] [9 886] [9 887] [9 888] [9 889] [9 890] [8 890] 
[8 891] [8 892] [8 892] [9 892] [10 892] [11 893] [12 894] 
[13 893] [14 892] [15 891] [15 890] [16 890] [16 889] [17 889] 
[18 889] [19 889] [20 889] [21 889] [22 889] [23 889] [23 888] 
[24 888] [25 888] [25 888] 

		Begin Printing Seed information

Seed point: 33 881 	Path 0 22 	User path 0 37 0

Seed point: 18 882 	Path 23 43 	User path 37 93 37

Seed point: 8 892 	Path 44 64 	User path 93 162 93

Seed point: 25 888 	Path 65 87 	User path 162 193 162

Seed point: 36 893 	Path 88 88 	User path 388 388 388

---------------------

Print path: 



[33 881] [33 882] [32 882] [32 883] [31 883] [30 883] [29 883] 
[28 883] [27 883] [26 883] [25 883] [25 884] [24 884] [23 884] 
[22 884] [22 885] [21 885] [20 885] [19 885] [18 885] [18 884] 
[18 883] [18 882] [18 882] [18 883] [18 884] [17 884] [17 885] 
[16 885] [15 885] [15 884] [14 883] [13 883] [12 883] [11 884] 
[10 885] [9 886] [9 887] [9 888] [9 889] [9 890] [8 890] 
[8 891] [8 892] [8 892] [9 892] [10 892] [11 893] [12 894] 
[13 893] [14 892] [15 891] [15 890] [16 890] [16 889] [17 889] 
[18 889] [19 889] [20 889] [21 889] [22 889] [23 889] [23 888] 
[24 888] [25 888] [25 888] [25 887] [26 887] [26 886] [27 886] 
[28 886] [29 886] [29 887] [29 888] [30 888] [31 888] [32 888] 
[33 888] [34 888] [35 888] [36 888] [37 888] [37 889] [37 890] 
[37 891] [36 891] [36 892] [36 893] [36 893] 

		Begin Printing Seed information

Seed point: 33 881 	Path 0 22 	User path 0 37 0

Seed point: 18 882 	Path 23 43 	User path 37 93 37

Seed point: 8 892 	Path 44 64 	User path 93 162 93

Seed point: 25 888 	Path 65 87 	User path 162 193 162

Seed point: 36 893 	Path 88 110 	User path 193 416 193

Seed point: 27 906 	Path 111 111 	User path 431 431 431

---------------------

Print path: 



[33 881] [33 882] [32 882] [32 883] [31 883] [30 883] [29 883] 
[28 883] [27 883] [26 883] [25 883] [25 884] [24 884] [23 884] 
[22 884] [22 885] [21 885] [20 885] [19 885] [18 885] [18 884] 
[18 883] [18 882] [18 882] [18 883] [18 884] [17 884] [17 885] 
[16 885] [15 885] [15 884] [14 883] [13 883] [12 883] [11 884] 
[10 885] [9 886] [9 887] [9 888] [9 889] [9 890] [8 890] 
[8 891] [8 892] [8 892] [9 892] [10 892] [11 893] [12 894] 
[13 893] [14 892] [15 891] [15 890] [16 890] [16 889] [17 889] 
[18 889] [19 889] [20 889] [21 889] [22 889] [23 889] [23 888] 
[24 888] [25 888] [25 888] [25 887] [26 887] [26 886] [27 886] 
[28 886] [29 886] [29 887] [29 888] [30 888] [31 888] [32 888] 
[33 888] [34 888] [35 888] [36 888] [37 888] [37 889] [37 890] 
[37 891] [36 891] [36 892] [36 893] [36 893] [35 893] [35 894] 
[35 895] [34 895] [34 896] [34 897] [33 897] [33 898] [32 898] 
[32 899] [32 900] [31 900] [31 901] [31 902] [31 903] [31 904] 
[31 905] [31 906] [30 906] [29 906] [28 906] [27 906] [27 906] 

		Begin Printing Seed information

Seed point: 33 881 	Path 0 22 	User path 0 37 0

Seed point: 18 882 	Path 23 43 	User path 37 93 37

Seed point: 8 892 	Path 44 64 	User path 93 162 93

Seed point: 25 888 	Path 65 87 	User path 162 193 162

Seed point: 36 893 	Path 88 110 	User path 193 416 193

Seed point: 27 906 	Path 111 131 	User path 416 450 416

Seed point: 13 908 	Path 132 132 	User path 470 470 470

---------------------

Print path: 



[33 881] [33 882] [32 882] [32 883] [31 883] [30 883] [29 883] 
[28 883] [27 883] [26 883] [25 883] [25 884] [24 884] [23 884] 
[22 884] [22 885] [21 885] [20 885] [19 885] [18 885] [18 884] 
[18 883] [18 882] [18 882] [18 883] [18 884] [17 884] [17 885] 
[16 885] [15 885] [15 884] [14 883] [13 883] [12 883] [11 884] 
[10 885] [9 886] [9 887] [9 888] [9 889] [9 890] [8 890] 
[8 891] [8 892] [8 892] [9 892] [10 892] [11 893] [12 894] 
[13 893] [14 892] [15 891] [15 890] [16 890] [16 889] [17 889] 
[18 889] [19 889] [20 889] [21 889] [22 889] [23 889] [23 888] 
[24 888] [25 888] [25 888] [25 887] [26 887] [26 886] [27 886] 
[28 886] [29 886] [29 887] [29 888] [30 888] [31 888] [32 888] 
[33 888] [34 888] [35 888] [36 888] [37 888] [37 889] [37 890] 
[37 891] [36 891] [36 892] [36 893] [36 893] [35 893] [35 894] 
[35 895] [34 895] [34 896] [34 897] [33 897] [33 898] [32 898] 
[32 899] [32 900] [31 900] [31 901] [31 902] [31 903] [31 904] 
[31 905] [31 906] [30 906] [29 906] [28 906] [27 906] [27 906] 
[27 907] [27 908] [26 908] [26 909] [26 910] [25 910] [24 910] 
[23 910] [22 910] [21 910] [21 909] [20 909] [20 908] [19 908] 
[18 908] [17 908] [16 908] [15 908] [14 908] [13 908] [13 908] 

		Begin Printing Seed information

Seed point: 33 881 	Path 0 22 	User path 0 37 0

Seed point: 18 882 	Path 23 43 	User path 37 93 37

Seed point: 8 892 	Path 44 64 	User path 93 162 93

Seed point: 25 888 	Path 65 87 	User path 162 193 162

Seed point: 36 893 	Path 88 110 	User path 193 416 193

Seed point: 27 906 	Path 111 138 	User path 416 515 416

Seed point: 9 911 	Path 139 139 	User path 533 533 533

---------------------

Print path: 



[33 881] [33 882] [32 882] [32 883] [31 883] [30 883] [29 883] 
[28 883] [27 883] [26 883] [25 883] [25 884] [24 884] [23 884] 
[22 884] [22 885] [21 885] [20 885] [19 885] [18 885] [18 884] 
[18 883] [18 882] [18 882] [18 883] [18 884] [17 884] [17 885] 
[16 885] [15 885] [15 884] [14 883] [13 883] [12 883] [11 884] 
[10 885] [9 886] [9 887] [9 888] [9 889] [9 890] [8 890] 
[8 891] [8 892] [8 892] [9 892] [10 892] [11 893] [12 894] 
[13 893] [14 892] [15 891] [15 890] [16 890] [16 889] [17 889] 
[18 889] [19 889] [20 889] [21 889] [22 889] [23 889] [23 888] 
[24 888] [25 888] [25 888] [25 887] [26 887] [26 886] [27 886] 
[28 886] [29 886] [29 887] [29 888] [30 888] [31 888] [32 888] 
[33 888] [34 888] [35 888] [36 888] [37 888] [37 889] [37 890] 
[37 891] [36 891] [36 892] [36 893] [36 893] [35 893] [35 894] 
[35 895] [34 895] [34 896] [34 897] [33 897] [33 898] [32 898] 
[32 899] [32 900] [31 900] [31 901] [31 902] [31 903] [31 904] 
[31 905] [31 906] [30 906] [29 906] [28 906] [27 906] [27 906] 
[27 907] [27 908] [26 908] [26 909] [26 910] [25 910] [24 910] 
[23 910] [22 910] [21 910] [21 909] [20 909] [20 908] [19 908] 
[18 908] [17 908] [16 908] [15 908] [14 908] [13 908] [13 909] 
[12 909] [11 909] [10 909] [9 909] [9 910] [9 911] [9 911] 

		Begin Printing Seed information

Seed point: 33 881 	Path 0 22 	User path 0 37 0

Seed point: 18 882 	Path 23 43 	User path 37 93 37

Seed point: 8 892 	Path 44 64 	User path 93 162 93

Seed point: 25 888 	Path 65 87 	User path 162 193 162

Seed point: 36 893 	Path 88 110 	User path 193 416 193

Seed point: 27 906 	Path 111 148 	User path 416 504 416

Seed point: 5 915 	Path 149 149 	User path 581 581 581

---------------------

Print path: 



[33 881] [33 882] [32 882] [32 883] [31 883] [30 883] [29 883] 
[28 883] [27 883] [26 883] [25 883] [25 884] [24 884] [23 884] 
[22 884] [22 885] [21 885] [20 885] [19 885] [18 885] [18 884] 
[18 883] [18 882] [18 882] [18 883] [18 884] [17 884] [17 885] 
[16 885] [15 885] [15 884] [14 883] [13 883] [12 883] [11 884] 
[10 885] [9 886] [9 887] [9 888] [9 889] [9 890] [8 890] 
[8 891] [8 892] [8 892] [9 892] [10 892] [11 893] [12 894] 
[13 893] [14 892] [15 891] [15 890] [16 890] [16 889] [17 889] 
[18 889] [19 889] [20 889] [21 889] [22 889] [23 889] [23 888] 
[24 888] [25 888] [25 888] [25 887] [26 887] [26 886] [27 886] 
[28 886] [29 886] [29 887] [29 888] [30 888] [31 888] [32 888] 
[33 888] [34 888] [35 888] [36 888] [37 888] [37 889] [37 890] 
[37 891] [36 891] [36 892] [36 893] [36 893] [35 893] [35 894] 
[35 895] [34 895] [34 896] [34 897] [33 897] [33 898] [32 898] 
[32 899] [32 900] [31 900] [31 901] [31 902] [31 903] [31 904] 
[31 905] [31 906] [30 906] [29 906] [28 906] [27 906] [27 906] 
[27 907] [27 908] [26 908] [26 909] [26 910] [25 910] [24 910] 
[23 910] [22 910] [21 910] [21 909] [20 909] [20 908] [19 908] 
[18 908] [17 908] [16 908] [15 908] [14 908] [14 909] [14 910] 
[14 911] [13 911] [13 912] [12 912] [11 912] [11 913] [10 913] 
[10 914] [10 915] [10 916] [9 916] [8 916] [7 916] [7 915] 
[6 915] [5 915] [5 915] 

		Begin Printing Seed information

Seed point: 33 881 	Path 0 22 	User path 0 37 0

Seed point: 18 882 	Path 23 43 	User path 37 93 37

Seed point: 8 892 	Path 44 64 	User path 93 162 93

Seed point: 25 888 	Path 65 87 	User path 162 193 162

Seed point: 36 893 	Path 88 110 	User path 193 416 193

Seed point: 27 906 	Path 111 142 	User path 416 613 416

Seed point: 5 910 	Path 143 143 	User path 613 613 613

---------------------

Print path: 



[33 881] [33 882] [32 882] [32 883] [31 883] [30 883] [29 883] 
[28 883] [27 883] [26 883] [25 883] [25 884] [24 884] [23 884] 
[22 884] [22 885] [21 885] [20 885] [19 885] [18 885] [18 884] 
[18 883] [18 882] [18 882] [18 883] [18 884] [17 884] [17 885] 
[16 885] [15 885] [15 884] [14 883] [13 883] [12 883] [11 884] 
[10 885] [9 886] [9 887] [9 888] [9 889] [9 890] [8 890] 
[8 891] [8 892] [8 892] [9 892] [10 892] [11 893] [12 894] 
[13 893] [14 892] [15 891] [15 890] [16 890] [16 889] [17 889] 
[18 889] [19 889] [20 889] [21 889] [22 889] [23 889] [23 888] 
[24 888] [25 888] [25 888] [25 887] [26 887] [26 886] [27 886] 
[28 886] [29 886] [29 887] [29 888] [30 888] [31 888] [32 888] 
[33 888] [34 888] [35 888] [36 888] [37 888] [37 889] [37 890] 
[37 891] [36 891] [36 892] [36 893] [36 893] [35 893] [35 894] 
[35 895] [34 895] [34 896] [34 897] [33 897] [33 898] [32 898] 
[32 899] [32 900] [31 900] [31 901] [31 902] [31 903] [31 904] 
[31 905] [31 906] [30 906] [29 906] [28 906] [27 906] [27 906] 
[27 907] [27 908] [26 908] [26 909] [26 910] [25 910] [24 910] 
[23 910] [22 910] [21 910] [21 909] [20 909] [20 908] [19 908] 
[18 908] [17 908] [16 908] [15 908] [14 908] [13 908] [13 909] 
[12 909] [11 909] [10 909] [9 909] [9 910] [9 911] [8 911] 
[7 911] [6 911] [5 910] [5 910] 

		Begin Printing Seed information

Seed point: 33 881 	Path 0 22 	User path 0 37 0

Seed point: 18 882 	Path 23 43 	User path 37 93 37

Seed point: 8 892 	Path 44 64 	User path 93 162 93

Seed point: 25 888 	Path 65 87 	User path 162 193 162

Seed point: 36 893 	Path 88 110 	User path 193 416 193

Seed point: 27 906 	Path 111 141 	User path 416 636 416

Seed point: 7 910 	Path 142 142 	User path 636 636 636

---------------------

Print path: 



[33 881] [33 882] [32 882] [32 883] [31 883] [30 883] [29 883] 
[28 883] [27 883] [26 883] [25 883] [25 884] [24 884] [23 884] 
[22 884] [22 885] [21 885] [20 885] [19 885] [18 885] [18 884] 
[18 883] [18 882] [18 882] [18 883] [18 884] [17 884] [17 885] 
[16 885] [15 885] [15 884] [14 883] [13 883] [12 883] [11 884] 
[10 885] [9 886] [9 887] [9 888] [9 889] [9 890] [8 890] 
[8 891] [8 892] [8 892] [9 892] [10 892] [11 893] [12 894] 
[13 893] [14 892] [15 891] [15 890] [16 890] [16 889] [17 889] 
[18 889] [19 889] [20 889] [21 889] [22 889] [23 889] [23 888] 
[24 888] [25 888] [25 888] [25 887] [26 887] [26 886] [27 886] 
[28 886] [29 886] [29 887] [29 888] [30 888] [31 888] [32 888] 
[33 888] [34 888] [35 888] [36 888] [37 888] [37 889] [37 890] 
[37 891] [36 891] [36 892] [36 893] [36 893] [35 893] [35 894] 
[35 895] [34 895] [34 896] [34 897] [33 897] [33 898] [32 898] 
[32 899] [32 900] [31 900] [31 901] [31 902] [31 903] [31 904] 
[31 905] [31 906] [30 906] [29 906] [28 906] [27 906] [27 906] 
[27 907] [27 908] [26 908] [26 909] [26 910] [25 910] [24 910] 
[23 910] [22 910] [21 910] [21 909] [20 909] [20 908] [19 908] 
[18 908] [17 908] [16 908] [15 908] [14 908] [13 908] [13 909] 
[12 909] [11 909] [10 909] [9 909] [9 910] [9 911] [8 911] 
[7 911] [7 910] [7 910] 

		Begin Printing Seed information

Seed point: 33 881 	Path 0 22 	User path 0 37 0

Seed point: 18 882 	Path 23 43 	User path 37 93 37

Seed point: 8 892 	Path 44 64 	User path 93 162 93

Seed point: 25 888 	Path 65 87 	User path 162 193 162

Seed point: 36 893 	Path 88 110 	User path 193 416 193

Seed point: 27 906 	Path 111 141 	User path 416 636 416

Seed point: 7 910 	Path 142 151 	User path 636 683 636

Seed point: 4 916 	Path 152 152 	User path 683 683 683

---------------------

Print path: 



[33 881] [33 882] [32 882] [32 883] [31 883] [30 883] [29 883] 
[28 883] [27 883] [26 883] [25 883] [25 884] [24 884] [23 884] 
[22 884] [22 885] [21 885] [20 885] [19 885] [18 885] [18 884] 
[18 883] [18 882] [18 882] [18 883] [18 884] [17 884] [17 885] 
[16 885] [15 885] [15 884] [14 883] [13 883] [12 883] [11 884] 
[10 885] [9 886] [9 887] [9 888] [9 889] [9 890] [8 890] 
[8 891] [8 892] [8 892] [9 892] [10 892] [11 893] [12 894] 
[13 893] [14 892] [15 891] [15 890] [16 890] [16 889] [17 889] 
[18 889] [19 889] [20 889] [21 889] [22 889] [23 889] [23 888] 
[24 888] [25 888] [25 888] [25 887] [26 887] [26 886] [27 886] 
[28 886] [29 886] [29 887] [29 888] [30 888] [31 888] [32 888] 
[33 888] [34 888] [35 888] [36 888] [37 888] [37 889] [37 890] 
[37 891] [36 891] [36 892] [36 893] [36 893] [35 893] [35 894] 
[35 895] [34 895] [34 896] [34 897] [33 897] [33 898] [32 898] 
[32 899] [32 900] [31 900] [31 901] [31 902] [31 903] [31 904] 
[31 905] [31 906] [30 906] [29 906] [28 906] [27 906] [27 906] 
[27 907] [27 908] [26 908] [26 909] [26 910] [25 910] [24 910] 
[23 910] [22 910] [21 910] [21 909] [20 909] [20 908] [19 908] 
[18 908] [17 908] [16 908] [15 908] [14 908] [13 908] [13 909] 
[12 909] [11 909] [10 909] [9 909] [9 910] [9 911] [8 911] 
[7 911] [7 910] [7 910] [7 911] [7 912] [6 912] [6 913] 
[6 914] [5 914] [5 915] [5 916] [4 916] [4 916] 

		Begin Printing Seed information

Seed point: 33 881 	Path 0 22 	User path 0 37 0

Seed point: 18 882 	Path 23 43 	User path 37 93 37

Seed point: 8 892 	Path 44 64 	User path 93 162 93

Seed point: 25 888 	Path 65 87 	User path 162 193 162

Seed point: 36 893 	Path 88 110 	User path 193 416 193

Seed point: 27 906 	Path 111 141 	User path 416 636 416

Seed point: 7 910 	Path 142 151 	User path 636 683 636

Seed point: 4 916 	Path 152 166 	User path 683 731 683

Seed point: 7 927 	Path 167 167 	User path 731 731 731

---------------------

Print path: 



[33 881] [33 882] [32 882] [32 883] [31 883] [30 883] [29 883] 
[28 883] [27 883] [26 883] [25 883] [25 884] [24 884] [23 884] 
[22 884] [22 885] [21 885] [20 885] [19 885] [18 885] [18 884] 
[18 883] [18 882] [18 882] [18 883] [18 884] [17 884] [17 885] 
[16 885] [15 885] [15 884] [14 883] [13 883] [12 883] [11 884] 
[10 885] [9 886] [9 887] [9 888] [9 889] [9 890] [8 890] 
[8 891] [8 892] [8 892] [9 892] [10 892] [11 893] [12 894] 
[13 893] [14 892] [15 891] [15 890] [16 890] [16 889] [17 889] 
[18 889] [19 889] [20 889] [21 889] [22 889] [23 889] [23 888] 
[24 888] [25 888] [25 888] [25 887] [26 887] [26 886] [27 886] 
[28 886] [29 886] [29 887] [29 888] [30 888] [31 888] [32 888] 
[33 888] [34 888] [35 888] [36 888] [37 888] [37 889] [37 890] 
[37 891] [36 891] [36 892] [36 893] [36 893] [35 893] [35 894] 
[35 895] [34 895] [34 896] [34 897] [33 897] [33 898] [32 898] 
[32 899] [32 900] [31 900] [31 901] [31 902] [31 903] [31 904] 
[31 905] [31 906] [30 906] [29 906] [28 906] [27 906] [27 906] 
[27 907] [27 908] [26 908] [26 909] [26 910] [25 910] [24 910] 
[23 910] [22 910] [21 910] [21 909] [20 909] [20 908] [19 908] 
[18 908] [17 908] [16 908] [15 908] [14 908] [13 908] [13 909] 
[12 909] [11 909] [10 909] [9 909] [9 910] [9 911] [8 911] 
[7 911] [7 910] [7 910] [7 911] [7 912] [6 912] [6 913] 
[6 914] [5 914] [5 915] [5 916] [4 916] [4 916] [5 916] 
[5 917] [5 918] [5 919] [5 920] [5 921] [5 922] [5 923] 
[6 923] [6 924] [6 925] [7 925] [7 926] [7 927] [7 927] 

		Begin Printing Seed information

Seed point: 33 881 	Path 0 22 	User path 0 37 0

Seed point: 18 882 	Path 23 43 	User path 37 93 37

Seed point: 8 892 	Path 44 64 	User path 93 162 93

Seed point: 25 888 	Path 65 87 	User path 162 193 162

Seed point: 36 893 	Path 88 110 	User path 193 416 193

Seed point: 27 906 	Path 111 141 	User path 416 636 416

Seed point: 7 910 	Path 142 151 	User path 636 683 636

Seed point: 4 916 	Path 152 166 	User path 683 731 683

Seed point: 7 927 	Path 167 187 	User path 731 783 731

Seed point: 23 925 	Path 188 188 	User path 803 803 803

---------------------

Print path: 



[33 881] [33 882] [32 882] [32 883] [31 883] [30 883] [29 883] 
[28 883] [27 883] [26 883] [25 883] [25 884] [24 884] [23 884] 
[22 884] [22 885] [21 885] [20 885] [19 885] [18 885] [18 884] 
[18 883] [18 882] [18 882] [18 883] [18 884] [17 884] [17 885] 
[16 885] [15 885] [15 884] [14 883] [13 883] [12 883] [11 884] 
[10 885] [9 886] [9 887] [9 888] [9 889] [9 890] [8 890] 
[8 891] [8 892] [8 892] [9 892] [10 892] [11 893] [12 894] 
[13 893] [14 892] [15 891] [15 890] [16 890] [16 889] [17 889] 
[18 889] [19 889] [20 889] [21 889] [22 889] [23 889] [23 888] 
[24 888] [25 888] [25 888] [25 887] [26 887] [26 886] [27 886] 
[28 886] [29 886] [29 887] [29 888] [30 888] [31 888] [32 888] 
[33 888] [34 888] [35 888] [36 888] [37 888] [37 889] [37 890] 
[37 891] [36 891] [36 892] [36 893] [36 893] [35 893] [35 894] 
[35 895] [34 895] [34 896] [34 897] [33 897] [33 898] [32 898] 
[32 899] [32 900] [31 900] [31 901] [31 902] [31 903] [31 904] 
[31 905] [31 906] [30 906] [29 906] [28 906] [27 906] [27 906] 
[27 907] [27 908] [26 908] [26 909] [26 910] [25 910] [24 910] 
[23 910] [22 910] [21 910] [21 909] [20 909] [20 908] [19 908] 
[18 908] [17 908] [16 908] [15 908] [14 908] [13 908] [13 909] 
[12 909] [11 909] [10 909] [9 909] [9 910] [9 911] [8 911] 
[7 911] [7 910] [7 910] [7 911] [7 912] [6 912] [6 913] 
[6 914] [5 914] [5 915] [5 916] [4 916] [4 916] [5 916] 
[5 917] [5 918] [5 919] [5 920] [5 921] [5 922] [5 923] 
[6 923] [6 924] [6 925] [7 925] [7 926] [7 927] [7 927] 
[8 927] [9 927] [10 927] [11 927] [11 928] [12 928] [13 928] 
[14 928] [15 928] [16 928] [17 928] [18 928] [18 927] [19 927] 
[20 927] [21 927] [21 926] [21 925] [22 925] [23 925] [23 925] 

		Begin Printing Seed information

Seed point: 33 881 	Path 0 22 	User path 0 37 0

Seed point: 18 882 	Path 23 43 	User path 37 93 37

Seed point: 8 892 	Path 44 64 	User path 93 162 93

Seed point: 25 888 	Path 65 87 	User path 162 193 162

Seed point: 36 893 	Path 88 110 	User path 193 416 193

Seed point: 27 906 	Path 111 141 	User path 416 636 416

Seed point: 7 910 	Path 142 151 	User path 636 683 636

Seed point: 4 916 	Path 152 166 	User path 683 731 683

Seed point: 7 927 	Path 167 175 	User path 731 830 731

Seed point: 13 929 	Path 176 176 	User path 830 830 830

---------------------

Print path: 



[33 881] [33 882] [32 882] [32 883] [31 883] [30 883] [29 883] 
[28 883] [27 883] [26 883] [25 883] [25 884] [24 884] [23 884] 
[22 884] [22 885] [21 885] [20 885] [19 885] [18 885] [18 884] 
[18 883] [18 882] [18 882] [18 883] [18 884] [17 884] [17 885] 
[16 885] [15 885] [15 884] [14 883] [13 883] [12 883] [11 884] 
[10 885] [9 886] [9 887] [9 888] [9 889] [9 890] [8 890] 
[8 891] [8 892] [8 892] [9 892] [10 892] [11 893] [12 894] 
[13 893] [14 892] [15 891] [15 890] [16 890] [16 889] [17 889] 
[18 889] [19 889] [20 889] [21 889] [22 889] [23 889] [23 888] 
[24 888] [25 888] [25 888] [25 887] [26 887] [26 886] [27 886] 
[28 886] [29 886] [29 887] [29 888] [30 888] [31 888] [32 888] 
[33 888] [34 888] [35 888] [36 888] [37 888] [37 889] [37 890] 
[37 891] [36 891] [36 892] [36 893] [36 893] [35 893] [35 894] 
[35 895] [34 895] [34 896] [34 897] [33 897] [33 898] [32 898] 
[32 899] [32 900] [31 900] [31 901] [31 902] [31 903] [31 904] 
[31 905] [31 906] [30 906] [29 906] [28 906] [27 906] [27 906] 
[27 907] [27 908] [26 908] [26 909] [26 910] [25 910] [24 910] 
[23 910] [22 910] [21 910] [21 909] [20 909] [20 908] [19 908] 
[18 908] [17 908] [16 908] [15 908] [14 908] [13 908] [13 909] 
[12 909] [11 909] [10 909] [9 909] [9 910] [9 911] [8 911] 
[7 911] [7 910] [7 910] [7 911] [7 912] [6 912] [6 913] 
[6 914] [5 914] [5 915] [5 916] [4 916] [4 916] [5 916] 
[5 917] [5 918] [5 919] [5 920] [5 921] [5 922] [5 923] 
[6 923] [6 924] [6 925] [7 925] [7 926] [7 927] [7 927] 
[8 927] [9 927] [10 927] [11 927] [11 928] [11 929] [12 929] 
[13 929] [13 929] 

		Begin Printing Seed information

Seed point: 33 881 	Path 0 22 	User path 0 37 0

Seed point: 18 882 	Path 23 43 	User path 37 93 37

Seed point: 8 892 	Path 44 64 	User path 93 162 93

Seed point: 25 888 	Path 65 87 	User path 162 193 162

Seed point: 36 893 	Path 88 110 	User path 193 416 193

Seed point: 27 906 	Path 111 141 	User path 416 636 416

Seed point: 7 910 	Path 142 151 	User path 636 683 636

Seed point: 4 916 	Path 152 166 	User path 683 731 683

Seed point: 7 927 	Path 167 175 	User path 731 830 731

Seed point: 13 929 	Path 176 199 	User path 830 874 830

Seed point: 29 924 	Path 200 200 	User path 891 891 891

---------------------

Print path: 



[33 881] [33 882] [32 882] [32 883] [31 883] [30 883] [29 883] 
[28 883] [27 883] [26 883] [25 883] [25 884] [24 884] [23 884] 
[22 884] [22 885] [21 885] [20 885] [19 885] [18 885] [18 884] 
[18 883] [18 882] [18 882] [18 883] [18 884] [17 884] [17 885] 
[16 885] [15 885] [15 884] [14 883] [13 883] [12 883] [11 884] 
[10 885] [9 886] [9 887] [9 888] [9 889] [9 890] [8 890] 
[8 891] [8 892] [8 892] [9 892] [10 892] [11 893] [12 894] 
[13 893] [14 892] [15 891] [15 890] [16 890] [16 889] [17 889] 
[18 889] [19 889] [20 889] [21 889] [22 889] [23 889] [23 888] 
[24 888] [25 888] [25 888] [25 887] [26 887] [26 886] [27 886] 
[28 886] [29 886] [29 887] [29 888] [30 888] [31 888] [32 888] 
[33 888] [34 888] [35 888] [36 888] [37 888] [37 889] [37 890] 
[37 891] [36 891] [36 892] [36 893] [36 893] [35 893] [35 894] 
[35 895] [34 895] [34 896] [34 897] [33 897] [33 898] [32 898] 
[32 899] [32 900] [31 900] [31 901] [31 902] [31 903] [31 904] 
[31 905] [31 906] [30 906] [29 906] [28 906] [27 906] [27 906] 
[27 907] [27 908] [26 908] [26 909] [26 910] [25 910] [24 910] 
[23 910] [22 910] [21 910] [21 909] [20 909] [20 908] [19 908] 
[18 908] [17 908] [16 908] [15 908] [14 908] [13 908] [13 909] 
[12 909] [11 909] [10 909] [9 909] [9 910] [9 911] [8 911] 
[7 911] [7 910] [7 910] [7 911] [7 912] [6 912] [6 913] 
[6 914] [5 914] [5 915] [5 916] [4 916] [4 916] [5 916] 
[5 917] [5 918] [5 919] [5 920] [5 921] [5 922] [5 923] 
[6 923] [6 924] [6 925] [7 925] [7 926] [7 927] [7 927] 
[8 927] [9 927] [10 927] [11 927] [11 928] [11 929] [12 929] 
[13 929] [13 929] [13 928] [14 928] [15 928] [16 928] [17 928] 
[18 928] [18 927] [19 927] [20 927] [21 927] [21 926] [21 925] 
[22 925] [23 925] [24 925] [25 925] [25 924] [25 923] [26 923] 
[27 923] [28 923] [29 923] [29 924] [29 924] 

		Begin Printing Seed information

Seed point: 33 881 	Path 0 22 	User path 0 37 0

Seed point: 18 882 	Path 23 43 	User path 37 93 37

Seed point: 8 892 	Path 44 64 	User path 93 162 93

Seed point: 25 888 	Path 65 87 	User path 162 193 162

Seed point: 36 893 	Path 88 110 	User path 193 416 193

Seed point: 27 906 	Path 111 141 	User path 416 636 416

Seed point: 7 910 	Path 142 151 	User path 636 683 636

Seed point: 4 916 	Path 152 166 	User path 683 731 683

Seed point: 7 927 	Path 167 175 	User path 731 830 731

Seed point: 13 929 	Path 176 199 	User path 830 874 830

Seed point: 29 924 	Path 200 220 	User path 874 904 874

Seed point: 42 931 	Path 221 221 	User path 931 931 931

---------------------

Print path: 



[33 881] [33 882] [32 882] [32 883] [31 883] [30 883] [29 883] 
[28 883] [27 883] [26 883] [25 883] [25 884] [24 884] [23 884] 
[22 884] [22 885] [21 885] [20 885] [19 885] [18 885] [18 884] 
[18 883] [18 882] [18 882] [18 883] [18 884] [17 884] [17 885] 
[16 885] [15 885] [15 884] [14 883] [13 883] [12 883] [11 884] 
[10 885] [9 886] [9 887] [9 888] [9 889] [9 890] [8 890] 
[8 891] [8 892] [8 892] [9 892] [10 892] [11 893] [12 894] 
[13 893] [14 892] [15 891] [15 890] [16 890] [16 889] [17 889] 
[18 889] [19 889] [20 889] [21 889] [22 889] [23 889] [23 888] 
[24 888] [25 888] [25 888] [25 887] [26 887] [26 886] [27 886] 
[28 886] [29 886] [29 887] [29 888] [30 888] [31 888] [32 888] 
[33 888] [34 888] [35 888] [36 888] [37 888] [37 889] [37 890] 
[37 891] [36 891] [36 892] [36 893] [36 893] [35 893] [35 894] 
[35 895] [34 895] [34 896] [34 897] [33 897] [33 898] [32 898] 
[32 899] [32 900] [31 900] [31 901] [31 902] [31 903] [31 904] 
[31 905] [31 906] [30 906] [29 906] [28 906] [27 906] [27 906] 
[27 907] [27 908] [26 908] [26 909] [26 910] [25 910] [24 910] 
[23 910] [22 910] [21 910] [21 909] [20 909] [20 908] [19 908] 
[18 908] [17 908] [16 908] [15 908] [14 908] [13 908] [13 909] 
[12 909] [11 909] [10 909] [9 909] [9 910] [9 911] [8 911] 
[7 911] [7 910] [7 910] [7 911] [7 912] [6 912] [6 913] 
[6 914] [5 914] [5 915] [5 916] [4 916] [4 916] [5 916] 
[5 917] [5 918] [5 919] [5 920] [5 921] [5 922] [5 923] 
[6 923] [6 924] [6 925] [7 925] [7 926] [7 927] [7 927] 
[8 927] [9 927] [10 927] [11 927] [11 928] [11 929] [12 929] 
[13 929] [13 929] [13 928] [14 928] [15 928] [16 928] [17 928] 
[18 928] [18 927] [19 927] [20 927] [21 927] [21 926] [21 925] 
[22 925] [23 925] [24 925] [25 925] [25 924] [25 923] [26 923] 
[27 923] [28 923] [29 923] [29 924] [29 924] [30 924] [31 924] 
[32 924] [33 924] [34 924] [35 924] [35 925] [36 925] [36 926] 
[36 927] [37 927] [38 927] [38 928] [39 928] [39 929] [40 929] 
[41 929] [41 930] [42 930] [42 931] [42 931] 

		Begin Printing Seed information

Seed point: 33 881 	Path 0 22 	User path 0 37 0

Seed point: 18 882 	Path 23 43 	User path 37 93 37

Seed point: 8 892 	Path 44 64 	User path 93 162 93

Seed point: 25 888 	Path 65 87 	User path 162 193 162

Seed point: 36 893 	Path 88 110 	User path 193 416 193

Seed point: 27 906 	Path 111 141 	User path 416 636 416

Seed point: 7 910 	Path 142 151 	User path 636 683 636

Seed point: 4 916 	Path 152 166 	User path 683 731 683

Seed point: 7 927 	Path 167 175 	User path 731 830 731

Seed point: 13 929 	Path 176 199 	User path 830 874 830

Seed point: 29 924 	Path 200 220 	User path 874 904 874

Seed point: 42 931 	Path 221 241 	User path 904 956 904

Seed point: 53 940 	Path 242 242 	User path 967 967 967

---------------------

Print path: 



[33 881] [33 882] [32 882] [32 883] [31 883] [30 883] [29 883] 
[28 883] [27 883] [26 883] [25 883] [25 884] [24 884] [23 884] 
[22 884] [22 885] [21 885] [20 885] [19 885] [18 885] [18 884] 
[18 883] [18 882] [18 882] [18 883] [18 884] [17 884] [17 885] 
[16 885] [15 885] [15 884] [14 883] [13 883] [12 883] [11 884] 
[10 885] [9 886] [9 887] [9 888] [9 889] [9 890] [8 890] 
[8 891] [8 892] [8 892] [9 892] [10 892] [11 893] [12 894] 
[13 893] [14 892] [15 891] [15 890] [16 890] [16 889] [17 889] 
[18 889] [19 889] [20 889] [21 889] [22 889] [23 889] [23 888] 
[24 888] [25 888] [25 888] [25 887] [26 887] [26 886] [27 886] 
[28 886] [29 886] [29 887] [29 888] [30 888] [31 888] [32 888] 
[33 888] [34 888] [35 888] [36 888] [37 888] [37 889] [37 890] 
[37 891] [36 891] [36 892] [36 893] [36 893] [35 893] [35 894] 
[35 895] [34 895] [34 896] [34 897] [33 897] [33 898] [32 898] 
[32 899] [32 900] [31 900] [31 901] [31 902] [31 903] [31 904] 
[31 905] [31 906] [30 906] [29 906] [28 906] [27 906] [27 906] 
[27 907] [27 908] [26 908] [26 909] [26 910] [25 910] [24 910] 
[23 910] [22 910] [21 910] [21 909] [20 909] [20 908] [19 908] 
[18 908] [17 908] [16 908] [15 908] [14 908] [13 908] [13 909] 
[12 909] [11 909] [10 909] [9 909] [9 910] [9 911] [8 911] 
[7 911] [7 910] [7 910] [7 911] [7 912] [6 912] [6 913] 
[6 914] [5 914] [5 915] [5 916] [4 916] [4 916] [5 916] 
[5 917] [5 918] [5 919] [5 920] [5 921] [5 922] [5 923] 
[6 923] [6 924] [6 925] [7 925] [7 926] [7 927] [7 927] 
[8 927] [9 927] [10 927] [11 927] [11 928] [11 929] [12 929] 
[13 929] [13 929] [13 928] [14 928] [15 928] [16 928] [17 928] 
[18 928] [18 927] [19 927] [20 927] [21 927] [21 926] [21 925] 
[22 925] [23 925] [24 925] [25 925] [25 924] [25 923] [26 923] 
[27 923] [28 923] [29 923] [29 924] [29 924] [30 924] [31 924] 
[32 924] [33 924] [34 924] [35 924] [35 925] [36 925] [36 926] 
[36 927] [37 927] [38 927] [38 928] [39 928] [39 929] [40 929] 
[41 929] [41 930] [42 930] [42 931] [42 931] [43 931] [44 931] 
[44 932] [44 933] [44 934] [45 934] [45 935] [46 935] [47 935] 
[47 936] [47 937] [48 937] [48 938] [48 939] [49 939] [50 939] 
[51 939] [51 940] [52 940] [53 940] [53 940] 

		Begin Printing Seed information

Seed point: 33 881 	Path 0 22 	User path 0 37 0

Seed point: 18 882 	Path 23 43 	User path 37 93 37

Seed point: 8 892 	Path 44 64 	User path 93 162 93

Seed point: 25 888 	Path 65 87 	User path 162 193 162

Seed point: 36 893 	Path 88 110 	User path 193 416 193

Seed point: 27 906 	Path 111 141 	User path 416 636 416

Seed point: 7 910 	Path 142 151 	User path 636 683 636

Seed point: 4 916 	Path 152 166 	User path 683 731 683

Seed point: 7 927 	Path 167 175 	User path 731 830 731

Seed point: 13 929 	Path 176 199 	User path 830 874 830

Seed point: 29 924 	Path 200 220 	User path 874 904 874

Seed point: 42 931 	Path 221 241 	User path 904 956 904

Seed point: 53 940 	Path 242 262 	User path 956 995 956

Seed point: 69 942 	Path 263 263 	User path 1015 1015 1015

---------------------

Print path: 



[33 881] [33 882] [32 882] [32 883] [31 883] [30 883] [29 883] 
[28 883] [27 883] [26 883] [25 883] [25 884] [24 884] [23 884] 
[22 884] [22 885] [21 885] [20 885] [19 885] [18 885] [18 884] 
[18 883] [18 882] [18 882] [18 883] [18 884] [17 884] [17 885] 
[16 885] [15 885] [15 884] [14 883] [13 883] [12 883] [11 884] 
[10 885] [9 886] [9 887] [9 888] [9 889] [9 890] [8 890] 
[8 891] [8 892] [8 892] [9 892] [10 892] [11 893] [12 894] 
[13 893] [14 892] [15 891] [15 890] [16 890] [16 889] [17 889] 
[18 889] [19 889] [20 889] [21 889] [22 889] [23 889] [23 888] 
[24 888] [25 888] [25 888] [25 887] [26 887] [26 886] [27 886] 
[28 886] [29 886] [29 887] [29 888] [30 888] [31 888] [32 888] 
[33 888] [34 888] [35 888] [36 888] [37 888] [37 889] [37 890] 
[37 891] [36 891] [36 892] [36 893] [36 893] [35 893] [35 894] 
[35 895] [34 895] [34 896] [34 897] [33 897] [33 898] [32 898] 
[32 899] [32 900] [31 900] [31 901] [31 902] [31 903] [31 904] 
[31 905] [31 906] [30 906] [29 906] [28 906] [27 906] [27 906] 
[27 907] [27 908] [26 908] [26 909] [26 910] [25 910] [24 910] 
[23 910] [22 910] [21 910] [21 909] [20 909] [20 908] [19 908] 
[18 908] [17 908] [16 908] [15 908] [14 908] [13 908] [13 909] 
[12 909] [11 909] [10 909] [9 909] [9 910] [9 911] [8 911] 
[7 911] [7 910] [7 910] [7 911] [7 912] [6 912] [6 913] 
[6 914] [5 914] [5 915] [5 916] [4 916] [4 916] [5 916] 
[5 917] [5 918] [5 919] [5 920] [5 921] [5 922] [5 923] 
[6 923] [6 924] [6 925] [7 925] [7 926] [7 927] [7 927] 
[8 927] [9 927] [10 927] [11 927] [11 928] [11 929] [12 929] 
[13 929] [13 929] [13 928] [14 928] [15 928] [16 928] [17 928] 
[18 928] [18 927] [19 927] [20 927] [21 927] [21 926] [21 925] 
[22 925] [23 925] [24 925] [25 925] [25 924] [25 923] [26 923] 
[27 923] [28 923] [29 923] [29 924] [29 924] [30 924] [31 924] 
[32 924] [33 924] [34 924] [35 924] [35 925] [36 925] [36 926] 
[36 927] [37 927] [38 927] [38 928] [39 928] [39 929] [40 929] 
[41 929] [41 930] [42 930] [42 931] [42 931] [43 931] [44 931] 
[44 932] [44 933] [44 934] [45 934] [45 935] [46 935] [47 935] 
[47 936] [47 937] [48 937] [48 938] [48 939] [49 939] [50 939] 
[51 939] [51 940] [52 940] [53 940] [53 940] [54 940] [55 940] 
[56 940] [57 940] [58 940] [58 941] [59 941] [60 941] [61 941] 
[62 941] [63 941] [64 941] [64 940] [65 940] [66 940] [67 940] 
[68 940] [69 940] [69 941] [69 942] [69 942] 

		Begin Printing Seed information

Seed point: 33 881 	Path 0 22 	User path 0 37 0

Seed point: 18 882 	Path 23 43 	User path 37 93 37

Seed point: 8 892 	Path 44 64 	User path 93 162 93

Seed point: 25 888 	Path 65 87 	User path 162 193 162

Seed point: 36 893 	Path 88 110 	User path 193 416 193

Seed point: 27 906 	Path 111 141 	User path 416 636 416

Seed point: 7 910 	Path 142 151 	User path 636 683 636

Seed point: 4 916 	Path 152 166 	User path 683 731 683

Seed point: 7 927 	Path 167 175 	User path 731 830 731

Seed point: 13 929 	Path 176 199 	User path 830 874 830

Seed point: 29 924 	Path 200 220 	User path 874 904 874

Seed point: 42 931 	Path 221 241 	User path 904 956 904

Seed point: 53 940 	Path 242 262 	User path 956 995 956

Seed point: 69 942 	Path 263 283 	User path 995 1029 995

Seed point: 81 950 	Path 284 284 	User path 1049 1049 1049

---------------------

Print path: 



[33 881] [33 882] [32 882] [32 883] [31 883] [30 883] [29 883] 
[28 883] [27 883] [26 883] [25 883] [25 884] [24 884] [23 884] 
[22 884] [22 885] [21 885] [20 885] [19 885] [18 885] [18 884] 
[18 883] [18 882] [18 882] [18 883] [18 884] [17 884] [17 885] 
[16 885] [15 885] [15 884] [14 883] [13 883] [12 883] [11 884] 
[10 885] [9 886] [9 887] [9 888] [9 889] [9 890] [8 890] 
[8 891] [8 892] [8 892] [9 892] [10 892] [11 893] [12 894] 
[13 893] [14 892] [15 891] [15 890] [16 890] [16 889] [17 889] 
[18 889] [19 889] [20 889] [21 889] [22 889] [23 889] [23 888] 
[24 888] [25 888] [25 888] [25 887] [26 887] [26 886] [27 886] 
[28 886] [29 886] [29 887] [29 888] [30 888] [31 888] [32 888] 
[33 888] [34 888] [35 888] [36 888] [37 888] [37 889] [37 890] 
[37 891] [36 891] [36 892] [36 893] [36 893] [35 893] [35 894] 
[35 895] [34 895] [34 896] [34 897] [33 897] [33 898] [32 898] 
[32 899] [32 900] [31 900] [31 901] [31 902] [31 903] [31 904] 
[31 905] [31 906] [30 906] [29 906] [28 906] [27 906] [27 906] 
[27 907] [27 908] [26 908] [26 909] [26 910] [25 910] [24 910] 
[23 910] [22 910] [21 910] [21 909] [20 909] [20 908] [19 908] 
[18 908] [17 908] [16 908] [15 908] [14 908] [13 908] [13 909] 
[12 909] [11 909] [10 909] [9 909] [9 910] [9 911] [8 911] 
[7 911] [7 910] [7 910] [7 911] [7 912] [6 912] [6 913] 
[6 914] [5 914] [5 915] [5 916] [4 916] [4 916] [5 916] 
[5 917] [5 918] [5 919] [5 920] [5 921] [5 922] [5 923] 
[6 923] [6 924] [6 925] [7 925] [7 926] [7 927] [7 927] 
[8 927] [9 927] [10 927] [11 927] [11 928] [11 929] [12 929] 
[13 929] [13 929] [13 928] [14 928] [15 928] [16 928] [17 928] 
[18 928] [18 927] [19 927] [20 927] [21 927] [21 926] [21 925] 
[22 925] [23 925] [24 925] [25 925] [25 924] [25 923] [26 923] 
[27 923] [28 923] [29 923] [29 924] [29 924] [30 924] [31 924] 
[32 924] [33 924] [34 924] [35 924] [35 925] [36 925] [36 926] 
[36 927] [37 927] [38 927] [38 928] [39 928] [39 929] [40 929] 
[41 929] [41 930] [42 930] [42 931] [42 931] [43 931] [44 931] 
[44 932] [44 933] [44 934] [45 934] [45 935] [46 935] [47 935] 
[47 936] [47 937] [48 937] [48 938] [48 939] [49 939] [50 939] 
[51 939] [51 940] [52 940] [53 940] [53 940] [54 940] [55 940] 
[56 940] [57 940] [58 940] [58 941] [59 941] [60 941] [61 941] 
[62 941] [63 941] [64 941] [64 940] [65 940] [66 940] [67 940] 
[68 940] [69 940] [69 941] [69 942] [69 942] [69 943] [70 943] 
[71 943] [71 944] [72 944] [73 944] [73 945] [74 945] [75 945] 
[75 946] [76 946] [76 947] [77 947] [77 948] [78 948] [78 949] 
[79 949] [79 950] [80 950] [81 950] [81 950] 

		Begin Printing Seed information

Seed point: 33 881 	Path 0 22 	User path 0 37 0

Seed point: 18 882 	Path 23 43 	User path 37 93 37

Seed point: 8 892 	Path 44 64 	User path 93 162 93

Seed point: 25 888 	Path 65 87 	User path 162 193 162

Seed point: 36 893 	Path 88 110 	User path 193 416 193

Seed point: 27 906 	Path 111 141 	User path 416 636 416

Seed point: 7 910 	Path 142 151 	User path 636 683 636

Seed point: 4 916 	Path 152 166 	User path 683 731 683

Seed point: 7 927 	Path 167 175 	User path 731 830 731

Seed point: 13 929 	Path 176 199 	User path 830 874 830

Seed point: 29 924 	Path 200 220 	User path 874 904 874

Seed point: 42 931 	Path 221 241 	User path 904 956 904

Seed point: 53 940 	Path 242 262 	User path 956 995 956

Seed point: 69 942 	Path 263 283 	User path 995 1029 995

Seed point: 81 950 	Path 284 298 	User path 1029 1120 1029

Seed point: 89 954 	Path 299 299 	User path 1120 1120 1120

---------------------

Print path: 



[33 881] [33 882] [32 882] [32 883] [31 883] [30 883] [29 883] 
[28 883] [27 883] [26 883] [25 883] [25 884] [24 884] [23 884] 
[22 884] [22 885] [21 885] [20 885] [19 885] [18 885] [18 884] 
[18 883] [18 882] [18 882] [18 883] [18 884] [17 884] [17 885] 
[16 885] [15 885] [15 884] [14 883] [13 883] [12 883] [11 884] 
[10 885] [9 886] [9 887] [9 888] [9 889] [9 890] [8 890] 
[8 891] [8 892] [8 892] [9 892] [10 892] [11 893] [12 894] 
[13 893] [14 892] [15 891] [15 890] [16 890] [16 889] [17 889] 
[18 889] [19 889] [20 889] [21 889] [22 889] [23 889] [23 888] 
[24 888] [25 888] [25 888] [25 887] [26 887] [26 886] [27 886] 
[28 886] [29 886] [29 887] [29 888] [30 888] [31 888] [32 888] 
[33 888] [34 888] [35 888] [36 888] [37 888] [37 889] [37 890] 
[37 891] [36 891] [36 892] [36 893] [36 893] [35 893] [35 894] 
[35 895] [34 895] [34 896] [34 897] [33 897] [33 898] [32 898] 
[32 899] [32 900] [31 900] [31 901] [31 902] [31 903] [31 904] 
[31 905] [31 906] [30 906] [29 906] [28 906] [27 906] [27 906] 
[27 907] [27 908] [26 908] [26 909] [26 910] [25 910] [24 910] 
[23 910] [22 910] [21 910] [21 909] [20 909] [20 908] [19 908] 
[18 908] [17 908] [16 908] [15 908] [14 908] [13 908] [13 909] 
[12 909] [11 909] [10 909] [9 909] [9 910] [9 911] [8 911] 
[7 911] [7 910] [7 910] [7 911] [7 912] [6 912] [6 913] 
[6 914] [5 914] [5 915] [5 916] [4 916] [4 916] [5 916] 
[5 917] [5 918] [5 919] [5 920] [5 921] [5 922] [5 923] 
[6 923] [6 924] [6 925] [7 925] [7 926] [7 927] [7 927] 
[8 927] [9 927] [10 927] [11 927] [11 928] [11 929] [12 929] 
[13 929] [13 929] [13 928] [14 928] [15 928] [16 928] [17 928] 
[18 928] [18 927] [19 927] [20 927] [21 927] [21 926] [21 925] 
[22 925] [23 925] [24 925] [25 925] [25 924] [25 923] [26 923] 
[27 923] [28 923] [29 923] [29 924] [29 924] [30 924] [31 924] 
[32 924] [33 924] [34 924] [35 924] [35 925] [36 925] [36 926] 
[36 927] [37 927] [38 927] [38 928] [39 928] [39 929] [40 929] 
[41 929] [41 930] [42 930] [42 931] [42 931] [43 931] [44 931] 
[44 932] [44 933] [44 934] [45 934] [45 935] [46 935] [47 935] 
[47 936] [47 937] [48 937] [48 938] [48 939] [49 939] [50 939] 
[51 939] [51 940] [52 940] [53 940] [53 940] [54 940] [55 940] 
[56 940] [57 940] [58 940] [58 941] [59 941] [60 941] [61 941] 
[62 941] [63 941] [64 941] [64 940] [65 940] [66 940] [67 940] 
[68 940] [69 940] [69 941] [69 942] [69 942] [69 943] [70 943] 
[71 943] [71 944] [72 944] [73 944] [73 945] [74 945] [75 945] 
[75 946] [76 946] [76 947] [77 947] [77 948] [78 948] [78 949] 
[79 949] [79 950] [80 950] [81 950] [81 950] [82 950] [82 951] 
[83 951] [84 951] [84 952] [85 952] [86 952] [86 951] [87 951] 
[88 951] [88 952] [89 952] [89 953] [89 954] [89 954] 

		Begin Printing Seed information

Seed point: 33 881 	Path 0 22 	User path 0 37 0

Seed point: 18 882 	Path 23 43 	User path 37 93 37

Seed point: 8 892 	Path 44 64 	User path 93 162 93

Seed point: 25 888 	Path 65 87 	User path 162 193 162

Seed point: 36 893 	Path 88 110 	User path 193 416 193

Seed point: 27 906 	Path 111 141 	User path 416 636 416

Seed point: 7 910 	Path 142 151 	User path 636 683 636

Seed point: 4 916 	Path 152 166 	User path 683 731 683

Seed point: 7 927 	Path 167 175 	User path 731 830 731

Seed point: 13 929 	Path 176 199 	User path 830 874 830

Seed point: 29 924 	Path 200 220 	User path 874 904 874

Seed point: 42 931 	Path 221 241 	User path 904 956 904

Seed point: 53 940 	Path 242 262 	User path 956 995 956

Seed point: 69 942 	Path 263 283 	User path 995 1029 995

Seed point: 81 950 	Path 284 298 	User path 1029 1120 1029

Seed point: 89 954 	Path 299 319 	User path 1120 1179 1120

Seed point: 96 940 	Path 320 320 	User path 1199 1199 1199

---------------------

Print path: 



[33 881] [33 882] [32 882] [32 883] [31 883] [30 883] [29 883] 
[28 883] [27 883] [26 883] [25 883] [25 884] [24 884] [23 884] 
[22 884] [22 885] [21 885] [20 885] [19 885] [18 885] [18 884] 
[18 883] [18 882] [18 882] [18 883] [18 884] [17 884] [17 885] 
[16 885] [15 885] [15 884] [14 883] [13 883] [12 883] [11 884] 
[10 885] [9 886] [9 887] [9 888] [9 889] [9 890] [8 890] 
[8 891] [8 892] [8 892] [9 892] [10 892] [11 893] [12 894] 
[13 893] [14 892] [15 891] [15 890] [16 890] [16 889] [17 889] 
[18 889] [19 889] [20 889] [21 889] [22 889] [23 889] [23 888] 
[24 888] [25 888] [25 888] [25 887] [26 887] [26 886] [27 886] 
[28 886] [29 886] [29 887] [29 888] [30 888] [31 888] [32 888] 
[33 888] [34 888] [35 888] [36 888] [37 888] [37 889] [37 890] 
[37 891] [36 891] [36 892] [36 893] [36 893] [35 893] [35 894] 
[35 895] [34 895] [34 896] [34 897] [33 897] [33 898] [32 898] 
[32 899] [32 900] [31 900] [31 901] [31 902] [31 903] [31 904] 
[31 905] [31 906] [30 906] [29 906] [28 906] [27 906] [27 906] 
[27 907] [27 908] [26 908] [26 909] [26 910] [25 910] [24 910] 
[23 910] [22 910] [21 910] [21 909] [20 909] [20 908] [19 908] 
[18 908] [17 908] [16 908] [15 908] [14 908] [13 908] [13 909] 
[12 909] [11 909] [10 909] [9 909] [9 910] [9 911] [8 911] 
[7 911] [7 910] [7 910] [7 911] [7 912] [6 912] [6 913] 
[6 914] [5 914] [5 915] [5 916] [4 916] [4 916] [5 916] 
[5 917] [5 918] [5 919] [5 920] [5 921] [5 922] [5 923] 
[6 923] [6 924] [6 925] [7 925] [7 926] [7 927] [7 927] 
[8 927] [9 927] [10 927] [11 927] [11 928] [11 929] [12 929] 
[13 929] [13 929] [13 928] [14 928] [15 928] [16 928] [17 928] 
[18 928] [18 927] [19 927] [20 927] [21 927] [21 926] [21 925] 
[22 925] [23 925] [24 925] [25 925] [25 924] [25 923] [26 923] 
[27 923] [28 923] [29 923] [29 924] [29 924] [30 924] [31 924] 
[32 924] [33 924] [34 924] [35 924] [35 925] [36 925] [36 926] 
[36 927] [37 927] [38 927] [38 928] [39 928] [39 929] [40 929] 
[41 929] [41 930] [42 930] [42 931] [42 931] [43 931] [44 931] 
[44 932] [44 933] [44 934] [45 934] [45 935] [46 935] [47 935] 
[47 936] [47 937] [48 937] [48 938] [48 939] [49 939] [50 939] 
[51 939] [51 940] [52 940] [53 940] [53 940] [54 940] [55 940] 
[56 940] [57 940] [58 940] [58 941] [59 941] [60 941] [61 941] 
[62 941] [63 941] [64 941] [64 940] [65 940] [66 940] [67 940] 
[68 940] [69 940] [69 941] [69 942] [69 942] [69 943] [70 943] 
[71 943] [71 944] [72 944] [73 944] [73 945] [74 945] [75 945] 
[75 946] [76 946] [76 947] [77 947] [77 948] [78 948] [78 949] 
[79 949] [79 950] [80 950] [81 950] [81 950] [82 950] [82 951] 
[83 951] [84 951] [84 952] [85 952] [86 952] [86 951] [87 951] 
[88 951] [88 952] [89 952] [89 953] [89 954] [89 954] [89 953] 
[89 952] [89 951] [90 951] [91 951] [92 950] [92 949] [92 948] 
[92 947] [93 947] [94 947] [94 946] [94 945] [95 945] [95 944] 
[95 943] [95 942] [96 942] [96 941] [96 940] [96 940] 

		Begin Printing Seed information

Seed point: 33 881 	Path 0 22 	User path 0 37 0

Seed point: 18 882 	Path 23 43 	User path 37 93 37

Seed point: 8 892 	Path 44 64 	User path 93 162 93

Seed point: 25 888 	Path 65 87 	User path 162 193 162

Seed point: 36 893 	Path 88 110 	User path 193 416 193

Seed point: 27 906 	Path 111 141 	User path 416 636 416

Seed point: 7 910 	Path 142 151 	User path 636 683 636

Seed point: 4 916 	Path 152 166 	User path 683 731 683

Seed point: 7 927 	Path 167 175 	User path 731 830 731

Seed point: 13 929 	Path 176 199 	User path 830 874 830

Seed point: 29 924 	Path 200 220 	User path 874 904 874

Seed point: 42 931 	Path 221 241 	User path 904 956 904

Seed point: 53 940 	Path 242 262 	User path 956 995 956

Seed point: 69 942 	Path 263 283 	User path 995 1029 995

Seed point: 81 950 	Path 284 298 	User path 1029 1120 1029

Seed point: 89 954 	Path 299 319 	User path 1120 1179 1120

Seed point: 96 940 	Path 320 340 	User path 1179 1212 1179

Seed point: 99 923 	Path 341 341 	User path 1232 1232 1232

---------------------

Print path: 



[33 881] [33 882] [32 882] [32 883] [31 883] [30 883] [29 883] 
[28 883] [27 883] [26 883] [25 883] [25 884] [24 884] [23 884] 
[22 884] [22 885] [21 885] [20 885] [19 885] [18 885] [18 884] 
[18 883] [18 882] [18 882] [18 883] [18 884] [17 884] [17 885] 
[16 885] [15 885] [15 884] [14 883] [13 883] [12 883] [11 884] 
[10 885] [9 886] [9 887] [9 888] [9 889] [9 890] [8 890] 
[8 891] [8 892] [8 892] [9 892] [10 892] [11 893] [12 894] 
[13 893] [14 892] [15 891] [15 890] [16 890] [16 889] [17 889] 
[18 889] [19 889] [20 889] [21 889] [22 889] [23 889] [23 888] 
[24 888] [25 888] [25 888] [25 887] [26 887] [26 886] [27 886] 
[28 886] [29 886] [29 887] [29 888] [30 888] [31 888] [32 888] 
[33 888] [34 888] [35 888] [36 888] [37 888] [37 889] [37 890] 
[37 891] [36 891] [36 892] [36 893] [36 893] [35 893] [35 894] 
[35 895] [34 895] [34 896] [34 897] [33 897] [33 898] [32 898] 
[32 899] [32 900] [31 900] [31 901] [31 902] [31 903] [31 904] 
[31 905] [31 906] [30 906] [29 906] [28 906] [27 906] [27 906] 
[27 907] [27 908] [26 908] [26 909] [26 910] [25 910] [24 910] 
[23 910] [22 910] [21 910] [21 909] [20 909] [20 908] [19 908] 
[18 908] [17 908] [16 908] [15 908] [14 908] [13 908] [13 909] 
[12 909] [11 909] [10 909] [9 909] [9 910] [9 911] [8 911] 
[7 911] [7 910] [7 910] [7 911] [7 912] [6 912] [6 913] 
[6 914] [5 914] [5 915] [5 916] [4 916] [4 916] [5 916] 
[5 917] [5 918] [5 919] [5 920] [5 921] [5 922] [5 923] 
[6 923] [6 924] [6 925] [7 925] [7 926] [7 927] [7 927] 
[8 927] [9 927] [10 927] [11 927] [11 928] [11 929] [12 929] 
[13 929] [13 929] [13 928] [14 928] [15 928] [16 928] [17 928] 
[18 928] [18 927] [19 927] [20 927] [21 927] [21 926] [21 925] 
[22 925] [23 925] [24 925] [25 925] [25 924] [25 923] [26 923] 
[27 923] [28 923] [29 923] [29 924] [29 924] [30 924] [31 924] 
[32 924] [33 924] [34 924] [35 924] [35 925] [36 925] [36 926] 
[36 927] [37 927] [38 927] [38 928] [39 928] [39 929] [40 929] 
[41 929] [41 930] [42 930] [42 931] [42 931] [43 931] [44 931] 
[44 932] [44 933] [44 934] [45 934] [45 935] [46 935] [47 935] 
[47 936] [47 937] [48 937] [48 938] [48 939] [49 939] [50 939] 
[51 939] [51 940] [52 940] [53 940] [53 940] [54 940] [55 940] 
[56 940] [57 940] [58 940] [58 941] [59 941] [60 941] [61 941] 
[62 941] [63 941] [64 941] [64 940] [65 940] [66 940] [67 940] 
[68 940] [69 940] [69 941] [69 942] [69 942] [69 943] [70 943] 
[71 943] [71 944] [72 944] [73 944] [73 945] [74 945] [75 945] 
[75 946] [76 946] [76 947] [77 947] [77 948] [78 948] [78 949] 
[79 949] [79 950] [80 950] [81 950] [81 950] [82 950] [82 951] 
[83 951] [84 951] [84 952] [85 952] [86 952] [86 951] [87 951] 
[88 951] [88 952] [89 952] [89 953] [89 954] [89 954] [89 953] 
[89 952] [89 951] [90 951] [91 951] [92 950] [92 949] [92 948] 
[92 947] [93 947] [94 947] [94 946] [94 945] [95 945] [95 944] 
[95 943] [95 942] [96 942] [96 941] [96 940] [96 940] [96 939] 
[97 939] [97 938] [97 937] [97 936] [98 936] [98 935] [98 934] 
[98 933] [98 932] [98 931] [98 930] [99 930] [99 929] [99 928] 
[99 927] [99 926] [99 925] [99 924] [99 923] [99 923] 

		Begin Printing Seed information

Seed point: 33 881 	Path 0 22 	User path 0 37 0

Seed point: 18 882 	Path 23 43 	User path 37 93 37

Seed point: 8 892 	Path 44 64 	User path 93 162 93

Seed point: 25 888 	Path 65 87 	User path 162 193 162

Seed point: 36 893 	Path 88 110 	User path 193 416 193

Seed point: 27 906 	Path 111 141 	User path 416 636 416

Seed point: 7 910 	Path 142 151 	User path 636 683 636

Seed point: 4 916 	Path 152 166 	User path 683 731 683

Seed point: 7 927 	Path 167 175 	User path 731 830 731

Seed point: 13 929 	Path 176 199 	User path 830 874 830

Seed point: 29 924 	Path 200 220 	User path 874 904 874

Seed point: 42 931 	Path 221 241 	User path 904 956 904

Seed point: 53 940 	Path 242 262 	User path 956 995 956

Seed point: 69 942 	Path 263 283 	User path 995 1029 995

Seed point: 81 950 	Path 284 298 	User path 1029 1120 1029

Seed point: 89 954 	Path 299 319 	User path 1120 1179 1120

Seed point: 96 940 	Path 320 340 	User path 1179 1212 1179

Seed point: 99 923 	Path 341 361 	User path 1212 1243 1212

Seed point: 99 903 	Path 362 362 	User path 1263 1263 1263

---------------------

Print path: 



[33 881] [33 882] [32 882] [32 883] [31 883] [30 883] [29 883] 
[28 883] [27 883] [26 883] [25 883] [25 884] [24 884] [23 884] 
[22 884] [22 885] [21 885] [20 885] [19 885] [18 885] [18 884] 
[18 883] [18 882] [18 882] [18 883] [18 884] [17 884] [17 885] 
[16 885] [15 885] [15 884] [14 883] [13 883] [12 883] [11 884] 
[10 885] [9 886] [9 887] [9 888] [9 889] [9 890] [8 890] 
[8 891] [8 892] [8 892] [9 892] [10 892] [11 893] [12 894] 
[13 893] [14 892] [15 891] [15 890] [16 890] [16 889] [17 889] 
[18 889] [19 889] [20 889] [21 889] [22 889] [23 889] [23 888] 
[24 888] [25 888] [25 888] [25 887] [26 887] [26 886] [27 886] 
[28 886] [29 886] [29 887] [29 888] [30 888] [31 888] [32 888] 
[33 888] [34 888] [35 888] [36 888] [37 888] [37 889] [37 890] 
[37 891] [36 891] [36 892] [36 893] [36 893] [35 893] [35 894] 
[35 895] [34 895] [34 896] [34 897] [33 897] [33 898] [32 898] 
[32 899] [32 900] [31 900] [31 901] [31 902] [31 903] [31 904] 
[31 905] [31 906] [30 906] [29 906] [28 906] [27 906] [27 906] 
[27 907] [27 908] [26 908] [26 909] [26 910] [25 910] [24 910] 
[23 910] [22 910] [21 910] [21 909] [20 909] [20 908] [19 908] 
[18 908] [17 908] [16 908] [15 908] [14 908] [13 908] [13 909] 
[12 909] [11 909] [10 909] [9 909] [9 910] [9 911] [8 911] 
[7 911] [7 910] [7 910] [7 911] [7 912] [6 912] [6 913] 
[6 914] [5 914] [5 915] [5 916] [4 916] [4 916] [5 916] 
[5 917] [5 918] [5 919] [5 920] [5 921] [5 922] [5 923] 
[6 923] [6 924] [6 925] [7 925] [7 926] [7 927] [7 927] 
[8 927] [9 927] [10 927] [11 927] [11 928] [11 929] [12 929] 
[13 929] [13 929] [13 928] [14 928] [15 928] [16 928] [17 928] 
[18 928] [18 927] [19 927] [20 927] [21 927] [21 926] [21 925] 
[22 925] [23 925] [24 925] [25 925] [25 924] [25 923] [26 923] 
[27 923] [28 923] [29 923] [29 924] [29 924] [30 924] [31 924] 
[32 924] [33 924] [34 924] [35 924] [35 925] [36 925] [36 926] 
[36 927] [37 927] [38 927] [38 928] [39 928] [39 929] [40 929] 
[41 929] [41 930] [42 930] [42 931] [42 931] [43 931] [44 931] 
[44 932] [44 933] [44 934] [45 934] [45 935] [46 935] [47 935] 
[47 936] [47 937] [48 937] [48 938] [48 939] [49 939] [50 939] 
[51 939] [51 940] [52 940] [53 940] [53 940] [54 940] [55 940] 
[56 940] [57 940] [58 940] [58 941] [59 941] [60 941] [61 941] 
[62 941] [63 941] [64 941] [64 940] [65 940] [66 940] [67 940] 
[68 940] [69 940] [69 941] [69 942] [69 942] [69 943] [70 943] 
[71 943] [71 944] [72 944] [73 944] [73 945] [74 945] [75 945] 
[75 946] [76 946] [76 947] [77 947] [77 948] [78 948] [78 949] 
[79 949] [79 950] [80 950] [81 950] [81 950] [82 950] [82 951] 
[83 951] [84 951] [84 952] [85 952] [86 952] [86 951] [87 951] 
[88 951] [88 952] [89 952] [89 953] [89 954] [89 954] [89 953] 
[89 952] [89 951] [90 951] [91 951] [92 950] [92 949] [92 948] 
[92 947] [93 947] [94 947] [94 946] [94 945] [95 945] [95 944] 
[95 943] [95 942] [96 942] [96 941] [96 940] [96 940] [96 939] 
[97 939] [97 938] [97 937] [97 936] [98 936] [98 935] [98 934] 
[98 933] [98 932] [98 931] [98 930] [99 930] [99 929] [99 928] 
[99 927] [99 926] [99 925] [99 924] [99 923] [99 923] [99 922] 
[99 921] [99 920] [99 919] [99 918] [99 917] [99 916] [99 915] 
[99 914] [99 913] [99 912] [99 911] [99 910] [99 909] [99 908] 
[99 907] [99 906] [99 905] [99 904] [99 903] [99 903] 

		Begin Printing Seed information

Seed point: 33 881 	Path 0 22 	User path 0 37 0

Seed point: 18 882 	Path 23 43 	User path 37 93 37

Seed point: 8 892 	Path 44 64 	User path 93 162 93

Seed point: 25 888 	Path 65 87 	User path 162 193 162

Seed point: 36 893 	Path 88 110 	User path 193 416 193

Seed point: 27 906 	Path 111 141 	User path 416 636 416

Seed point: 7 910 	Path 142 151 	User path 636 683 636

Seed point: 4 916 	Path 152 166 	User path 683 731 683

Seed point: 7 927 	Path 167 175 	User path 731 830 731

Seed point: 13 929 	Path 176 199 	User path 830 874 830

Seed point: 29 924 	Path 200 220 	User path 874 904 874

Seed point: 42 931 	Path 221 241 	User path 904 956 904

Seed point: 53 940 	Path 242 262 	User path 956 995 956

Seed point: 69 942 	Path 263 283 	User path 995 1029 995

Seed point: 81 950 	Path 284 298 	User path 1029 1120 1029

Seed point: 89 954 	Path 299 319 	User path 1120 1179 1120

Seed point: 96 940 	Path 320 340 	User path 1179 1212 1179

Seed point: 99 923 	Path 341 361 	User path 1212 1243 1212

Seed point: 99 903 	Path 362 382 	User path 1243 1273 1243

Seed point: 98 884 	Path 383 383 	User path 1293 1293 1293

---------------------

Print path: 



[33 881] [33 882] [32 882] [32 883] [31 883] [30 883] [29 883] 
[28 883] [27 883] [26 883] [25 883] [25 884] [24 884] [23 884] 
[22 884] [22 885] [21 885] [20 885] [19 885] [18 885] [18 884] 
[18 883] [18 882] [18 882] [18 883] [18 884] [17 884] [17 885] 
[16 885] [15 885] [15 884] [14 883] [13 883] [12 883] [11 884] 
[10 885] [9 886] [9 887] [9 888] [9 889] [9 890] [8 890] 
[8 891] [8 892] [8 892] [9 892] [10 892] [11 893] [12 894] 
[13 893] [14 892] [15 891] [15 890] [16 890] [16 889] [17 889] 
[18 889] [19 889] [20 889] [21 889] [22 889] [23 889] [23 888] 
[24 888] [25 888] [25 888] [25 887] [26 887] [26 886] [27 886] 
[28 886] [29 886] [29 887] [29 888] [30 888] [31 888] [32 888] 
[33 888] [34 888] [35 888] [36 888] [37 888] [37 889] [37 890] 
[37 891] [36 891] [36 892] [36 893] [36 893] [35 893] [35 894] 
[35 895] [34 895] [34 896] [34 897] [33 897] [33 898] [32 898] 
[32 899] [32 900] [31 900] [31 901] [31 902] [31 903] [31 904] 
[31 905] [31 906] [30 906] [29 906] [28 906] [27 906] [27 906] 
[27 907] [27 908] [26 908] [26 909] [26 910] [25 910] [24 910] 
[23 910] [22 910] [21 910] [21 909] [20 909] [20 908] [19 908] 
[18 908] [17 908] [16 908] [15 908] [14 908] [13 908] [13 909] 
[12 909] [11 909] [10 909] [9 909] [9 910] [9 911] [8 911] 
[7 911] [7 910] [7 910] [7 911] [7 912] [6 912] [6 913] 
[6 914] [5 914] [5 915] [5 916] [4 916] [4 916] [5 916] 
[5 917] [5 918] [5 919] [5 920] [5 921] [5 922] [5 923] 
[6 923] [6 924] [6 925] [7 925] [7 926] [7 927] [7 927] 
[8 927] [9 927] [10 927] [11 927] [11 928] [11 929] [12 929] 
[13 929] [13 929] [13 928] [14 928] [15 928] [16 928] [17 928] 
[18 928] [18 927] [19 927] [20 927] [21 927] [21 926] [21 925] 
[22 925] [23 925] [24 925] [25 925] [25 924] [25 923] [26 923] 
[27 923] [28 923] [29 923] [29 924] [29 924] [30 924] [31 924] 
[32 924] [33 924] [34 924] [35 924] [35 925] [36 925] [36 926] 
[36 927] [37 927] [38 927] [38 928] [39 928] [39 929] [40 929] 
[41 929] [41 930] [42 930] [42 931] [42 931] [43 931] [44 931] 
[44 932] [44 933] [44 934] [45 934] [45 935] [46 935] [47 935] 
[47 936] [47 937] [48 937] [48 938] [48 939] [49 939] [50 939] 
[51 939] [51 940] [52 940] [53 940] [53 940] [54 940] [55 940] 
[56 940] [57 940] [58 940] [58 941] [59 941] [60 941] [61 941] 
[62 941] [63 941] [64 941] [64 940] [65 940] [66 940] [67 940] 
[68 940] [69 940] [69 941] [69 942] [69 942] [69 943] [70 943] 
[71 943] [71 944] [72 944] [73 944] [73 945] [74 945] [75 945] 
[75 946] [76 946] [76 947] [77 947] [77 948] [78 948] [78 949] 
[79 949] [79 950] [80 950] [81 950] [81 950] [82 950] [82 951] 
[83 951] [84 951] [84 952] [85 952] [86 952] [86 951] [87 951] 
[88 951] [88 952] [89 952] [89 953] [89 954] [89 954] [89 953] 
[89 952] [89 951] [90 951] [91 951] [92 950] [92 949] [92 948] 
[92 947] [93 947] [94 947] [94 946] [94 945] [95 945] [95 944] 
[95 943] [95 942] [96 942] [96 941] [96 940] [96 940] [96 939] 
[97 939] [97 938] [97 937] [97 936] [98 936] [98 935] [98 934] 
[98 933] [98 932] [98 931] [98 930] [99 930] [99 929] [99 928] 
[99 927] [99 926] [99 925] [99 924] [99 923] [99 923] [99 922] 
[99 921] [99 920] [99 919] [99 918] [99 917] [99 916] [99 915] 
[99 914] [99 913] [99 912] [99 911] [99 910] [99 909] [99 908] 
[99 907] [99 906] [99 905] [99 904] [99 903] [99 903] [99 902] 
[99 901] [99 900] [99 899] [99 898] [99 897] [99 896] [99 895] 
[99 894] [99 893] [99 892] [99 891] [99 890] [98 890] [98 889] 
[98 888] [98 887] [98 886] [98 885] [98 884] [98 884] 

		Begin Printing Seed information

Seed point: 33 881 	Path 0 22 	User path 0 37 0

Seed point: 18 882 	Path 23 43 	User path 37 93 37

Seed point: 8 892 	Path 44 64 	User path 93 162 93

Seed point: 25 888 	Path 65 87 	User path 162 193 162

Seed point: 36 893 	Path 88 110 	User path 193 416 193

Seed point: 27 906 	Path 111 141 	User path 416 636 416

Seed point: 7 910 	Path 142 151 	User path 636 683 636

Seed point: 4 916 	Path 152 166 	User path 683 731 683

Seed point: 7 927 	Path 167 175 	User path 731 830 731

Seed point: 13 929 	Path 176 199 	User path 830 874 830

Seed point: 29 924 	Path 200 220 	User path 874 904 874

Seed point: 42 931 	Path 221 241 	User path 904 956 904

Seed point: 53 940 	Path 242 262 	User path 956 995 956

Seed point: 69 942 	Path 263 283 	User path 995 1029 995

Seed point: 81 950 	Path 284 298 	User path 1029 1120 1029

Seed point: 89 954 	Path 299 319 	User path 1120 1179 1120

Seed point: 96 940 	Path 320 340 	User path 1179 1212 1179

Seed point: 99 923 	Path 341 361 	User path 1212 1243 1212

Seed point: 99 903 	Path 362 382 	User path 1243 1273 1243

Seed point: 98 884 	Path 383 404 	User path 1273 1320 1273

Seed point: 85 876 	Path 405 405 	User path 1340 1340 1340

---------------------

Print path: 



[33 881] [33 882] [32 882] [32 883] [31 883] [30 883] [29 883] 
[28 883] [27 883] [26 883] [25 883] [25 884] [24 884] [23 884] 
[22 884] [22 885] [21 885] [20 885] [19 885] [18 885] [18 884] 
[18 883] [18 882] [18 882] [18 883] [18 884] [17 884] [17 885] 
[16 885] [15 885] [15 884] [14 883] [13 883] [12 883] [11 884] 
[10 885] [9 886] [9 887] [9 888] [9 889] [9 890] [8 890] 
[8 891] [8 892] [8 892] [9 892] [10 892] [11 893] [12 894] 
[13 893] [14 892] [15 891] [15 890] [16 890] [16 889] [17 889] 
[18 889] [19 889] [20 889] [21 889] [22 889] [23 889] [23 888] 
[24 888] [25 888] [25 888] [25 887] [26 887] [26 886] [27 886] 
[28 886] [29 886] [29 887] [29 888] [30 888] [31 888] [32 888] 
[33 888] [34 888] [35 888] [36 888] [37 888] [37 889] [37 890] 
[37 891] [36 891] [36 892] [36 893] [36 893] [35 893] [35 894] 
[35 895] [34 895] [34 896] [34 897] [33 897] [33 898] [32 898] 
[32 899] [32 900] [31 900] [31 901] [31 902] [31 903] [31 904] 
[31 905] [31 906] [30 906] [29 906] [28 906] [27 906] [27 906] 
[27 907] [27 908] [26 908] [26 909] [26 910] [25 910] [24 910] 
[23 910] [22 910] [21 910] [21 909] [20 909] [20 908] [19 908] 
[18 908] [17 908] [16 908] [15 908] [14 908] [13 908] [13 909] 
[12 909] [11 909] [10 909] [9 909] [9 910] [9 911] [8 911] 
[7 911] [7 910] [7 910] [7 911] [7 912] [6 912] [6 913] 
[6 914] [5 914] [5 915] [5 916] [4 916] [4 916] [5 916] 
[5 917] [5 918] [5 919] [5 920] [5 921] [5 922] [5 923] 
[6 923] [6 924] [6 925] [7 925] [7 926] [7 927] [7 927] 
[8 927] [9 927] [10 927] [11 927] [11 928] [11 929] [12 929] 
[13 929] [13 929] [13 928] [14 928] [15 928] [16 928] [17 928] 
[18 928] [18 927] [19 927] [20 927] [21 927] [21 926] [21 925] 
[22 925] [23 925] [24 925] [25 925] [25 924] [25 923] [26 923] 
[27 923] [28 923] [29 923] [29 924] [29 924] [30 924] [31 924] 
[32 924] [33 924] [34 924] [35 924] [35 925] [36 925] [36 926] 
[36 927] [37 927] [38 927] [38 928] [39 928] [39 929] [40 929] 
[41 929] [41 930] [42 930] [42 931] [42 931] [43 931] [44 931] 
[44 932] [44 933] [44 934] [45 934] [45 935] [46 935] [47 935] 
[47 936] [47 937] [48 937] [48 938] [48 939] [49 939] [50 939] 
[51 939] [51 940] [52 940] [53 940] [53 940] [54 940] [55 940] 
[56 940] [57 940] [58 940] [58 941] [59 941] [60 941] [61 941] 
[62 941] [63 941] [64 941] [64 940] [65 940] [66 940] [67 940] 
[68 940] [69 940] [69 941] [69 942] [69 942] [69 943] [70 943] 
[71 943] [71 944] [72 944] [73 944] [73 945] [74 945] [75 945] 
[75 946] [76 946] [76 947] [77 947] [77 948] [78 948] [78 949] 
[79 949] [79 950] [80 950] [81 950] [81 950] [82 950] [82 951] 
[83 951] [84 951] [84 952] [85 952] [86 952] [86 951] [87 951] 
[88 951] [88 952] [89 952] [89 953] [89 954] [89 954] [89 953] 
[89 952] [89 951] [90 951] [91 951] [92 950] [92 949] [92 948] 
[92 947] [93 947] [94 947] [94 946] [94 945] [95 945] [95 944] 
[95 943] [95 942] [96 942] [96 941] [96 940] [96 940] [96 939] 
[97 939] [97 938] [97 937] [97 936] [98 936] [98 935] [98 934] 
[98 933] [98 932] [98 931] [98 930] [99 930] [99 929] [99 928] 
[99 927] [99 926] [99 925] [99 924] [99 923] [99 923] [99 922] 
[99 921] [99 920] [99 919] [99 918] [99 917] [99 916] [99 915] 
[99 914] [99 913] [99 912] [99 911] [99 910] [99 909] [99 908] 
[99 907] [99 906] [99 905] [99 904] [99 903] [99 903] [99 902] 
[99 901] [99 900] [99 899] [99 898] [99 897] [99 896] [99 895] 
[99 894] [99 893] [99 892] [99 891] [99 890] [98 890] [98 889] 
[98 888] [98 887] [98 886] [98 885] [98 884] [98 884] [98 883] 
[97 883] [97 882] [97 881] [97 880] [96 880] [96 879] [96 878] 
[96 877] [95 877] [94 877] [93 877] [92 877] [92 876] [91 876] 
[90 876] [89 876] [88 876] [87 876] [86 876] [85 876] [85 876] 

		Begin Printing Seed information

Seed point: 33 881 	Path 0 22 	User path 0 37 0

Seed point: 18 882 	Path 23 43 	User path 37 93 37

Seed point: 8 892 	Path 44 64 	User path 93 162 93

Seed point: 25 888 	Path 65 87 	User path 162 193 162

Seed point: 36 893 	Path 88 110 	User path 193 416 193

Seed point: 27 906 	Path 111 141 	User path 416 636 416

Seed point: 7 910 	Path 142 151 	User path 636 683 636

Seed point: 4 916 	Path 152 166 	User path 683 731 683

Seed point: 7 927 	Path 167 175 	User path 731 830 731

Seed point: 13 929 	Path 176 199 	User path 830 874 830

Seed point: 29 924 	Path 200 220 	User path 874 904 874

Seed point: 42 931 	Path 221 241 	User path 904 956 904

Seed point: 53 940 	Path 242 262 	User path 956 995 956

Seed point: 69 942 	Path 263 283 	User path 995 1029 995

Seed point: 81 950 	Path 284 298 	User path 1029 1120 1029

Seed point: 89 954 	Path 299 319 	User path 1120 1179 1120

Seed point: 96 940 	Path 320 340 	User path 1179 1212 1179

Seed point: 99 923 	Path 341 361 	User path 1212 1243 1212

Seed point: 99 903 	Path 362 382 	User path 1243 1273 1243

Seed point: 98 884 	Path 383 404 	User path 1273 1320 1273

Seed point: 85 876 	Path 405 427 	User path 1320 1371 1320

Seed point: 68 881 	Path 428 428 	User path 1391 1391 1391

---------------------

Print path: 



[33 881] [33 882] [32 882] [32 883] [31 883] [30 883] [29 883] 
[28 883] [27 883] [26 883] [25 883] [25 884] [24 884] [23 884] 
[22 884] [22 885] [21 885] [20 885] [19 885] [18 885] [18 884] 
[18 883] [18 882] [18 882] [18 883] [18 884] [17 884] [17 885] 
[16 885] [15 885] [15 884] [14 883] [13 883] [12 883] [11 884] 
[10 885] [9 886] [9 887] [9 888] [9 889] [9 890] [8 890] 
[8 891] [8 892] [8 892] [9 892] [10 892] [11 893] [12 894] 
[13 893] [14 892] [15 891] [15 890] [16 890] [16 889] [17 889] 
[18 889] [19 889] [20 889] [21 889] [22 889] [23 889] [23 888] 
[24 888] [25 888] [25 888] [25 887] [26 887] [26 886] [27 886] 
[28 886] [29 886] [29 887] [29 888] [30 888] [31 888] [32 888] 
[33 888] [34 888] [35 888] [36 888] [37 888] [37 889] [37 890] 
[37 891] [36 891] [36 892] [36 893] [36 893] [35 893] [35 894] 
[35 895] [34 895] [34 896] [34 897] [33 897] [33 898] [32 898] 
[32 899] [32 900] [31 900] [31 901] [31 902] [31 903] [31 904] 
[31 905] [31 906] [30 906] [29 906] [28 906] [27 906] [27 906] 
[27 907] [27 908] [26 908] [26 909] [26 910] [25 910] [24 910] 
[23 910] [22 910] [21 910] [21 909] [20 909] [20 908] [19 908] 
[18 908] [17 908] [16 908] [15 908] [14 908] [13 908] [13 909] 
[12 909] [11 909] [10 909] [9 909] [9 910] [9 911] [8 911] 
[7 911] [7 910] [7 910] [7 911] [7 912] [6 912] [6 913] 
[6 914] [5 914] [5 915] [5 916] [4 916] [4 916] [5 916] 
[5 917] [5 918] [5 919] [5 920] [5 921] [5 922] [5 923] 
[6 923] [6 924] [6 925] [7 925] [7 926] [7 927] [7 927] 
[8 927] [9 927] [10 927] [11 927] [11 928] [11 929] [12 929] 
[13 929] [13 929] [13 928] [14 928] [15 928] [16 928] [17 928] 
[18 928] [18 927] [19 927] [20 927] [21 927] [21 926] [21 925] 
[22 925] [23 925] [24 925] [25 925] [25 924] [25 923] [26 923] 
[27 923] [28 923] [29 923] [29 924] [29 924] [30 924] [31 924] 
[32 924] [33 924] [34 924] [35 924] [35 925] [36 925] [36 926] 
[36 927] [37 927] [38 927] [38 928] [39 928] [39 929] [40 929] 
[41 929] [41 930] [42 930] [42 931] [42 931] [43 931] [44 931] 
[44 932] [44 933] [44 934] [45 934] [45 935] [46 935] [47 935] 
[47 936] [47 937] [48 937] [48 938] [48 939] [49 939] [50 939] 
[51 939] [51 940] [52 940] [53 940] [53 940] [54 940] [55 940] 
[56 940] [57 940] [58 940] [58 941] [59 941] [60 941] [61 941] 
[62 941] [63 941] [64 941] [64 940] [65 940] [66 940] [67 940] 
[68 940] [69 940] [69 941] [69 942] [69 942] [69 943] [70 943] 
[71 943] [71 944] [72 944] [73 944] [73 945] [74 945] [75 945] 
[75 946] [76 946] [76 947] [77 947] [77 948] [78 948] [78 949] 
[79 949] [79 950] [80 950] [81 950] [81 950] [82 950] [82 951] 
[83 951] [84 951] [84 952] [85 952] [86 952] [86 951] [87 951] 
[88 951] [88 952] [89 952] [89 953] [89 954] [89 954] [89 953] 
[89 952] [89 951] [90 951] [91 951] [92 950] [92 949] [92 948] 
[92 947] [93 947] [94 947] [94 946] [94 945] [95 945] [95 944] 
[95 943] [95 942] [96 942] [96 941] [96 940] [96 940] [96 939] 
[97 939] [97 938] [97 937] [97 936] [98 936] [98 935] [98 934] 
[98 933] [98 932] [98 931] [98 930] [99 930] [99 929] [99 928] 
[99 927] [99 926] [99 925] [99 924] [99 923] [99 923] [99 922] 
[99 921] [99 920] [99 919] [99 918] [99 917] [99 916] [99 915] 
[99 914] [99 913] [99 912] [99 911] [99 910] [99 909] [99 908] 
[99 907] [99 906] [99 905] [99 904] [99 903] [99 903] [99 902] 
[99 901] [99 900] [99 899] [99 898] [99 897] [99 896] [99 895] 
[99 894] [99 893] [99 892] [99 891] [99 890] [98 890] [98 889] 
[98 888] [98 887] [98 886] [98 885] [98 884] [98 884] [98 883] 
[97 883] [97 882] [97 881] [97 880] [96 880] [96 879] [96 878] 
[96 877] [95 877] [94 877] [93 877] [92 877] [92 876] [91 876] 
[90 876] [89 876] [88 876] [87 876] [86 876] [85 876] [85 876] 
[84 876] [84 877] [83 877] [82 877] [81 877] [81 878] [80 878] 
[80 879] [79 879] [78 879] [78 880] [77 880] [76 880] [75 880] 
[74 880] [73 880] [72 880] [71 880] [71 881] [70 881] [69 881] 
[68 881] [68 881] 

		Begin Printing Seed information

Seed point: 33 881 	Path 0 22 	User path 0 37 0

Seed point: 18 882 	Path 23 43 	User path 37 93 37

Seed point: 8 892 	Path 44 64 	User path 93 162 93

Seed point: 25 888 	Path 65 87 	User path 162 193 162

Seed point: 36 893 	Path 88 110 	User path 193 416 193

Seed point: 27 906 	Path 111 141 	User path 416 636 416

Seed point: 7 910 	Path 142 151 	User path 636 683 636

Seed point: 4 916 	Path 152 166 	User path 683 731 683

Seed point: 7 927 	Path 167 175 	User path 731 830 731

Seed point: 13 929 	Path 176 199 	User path 830 874 830

Seed point: 29 924 	Path 200 220 	User path 874 904 874

Seed point: 42 931 	Path 221 241 	User path 904 956 904

Seed point: 53 940 	Path 242 262 	User path 956 995 956

Seed point: 69 942 	Path 263 283 	User path 995 1029 995

Seed point: 81 950 	Path 284 298 	User path 1029 1120 1029

Seed point: 89 954 	Path 299 319 	User path 1120 1179 1120

Seed point: 96 940 	Path 320 340 	User path 1179 1212 1179

Seed point: 99 923 	Path 341 361 	User path 1212 1243 1212

Seed point: 99 903 	Path 362 382 	User path 1243 1273 1243

Seed point: 98 884 	Path 383 404 	User path 1273 1320 1273

Seed point: 85 876 	Path 405 427 	User path 1320 1371 1320

Seed point: 68 881 	Path 428 448 	User path 1371 1415 1371

Seed point: 49 882 	Path 449 449 	User path 1435 1435 1435

---------------------

Print path: 



[33 881] [33 882] [32 882] [32 883] [31 883] [30 883] [29 883] 
[28 883] [27 883] [26 883] [25 883] [25 884] [24 884] [23 884] 
[22 884] [22 885] [21 885] [20 885] [19 885] [18 885] [18 884] 
[18 883] [18 882] [18 882] [18 883] [18 884] [17 884] [17 885] 
[16 885] [15 885] [15 884] [14 883] [13 883] [12 883] [11 884] 
[10 885] [9 886] [9 887] [9 888] [9 889] [9 890] [8 890] 
[8 891] [8 892] [8 892] [9 892] [10 892] [11 893] [12 894] 
[13 893] [14 892] [15 891] [15 890] [16 890] [16 889] [17 889] 
[18 889] [19 889] [20 889] [21 889] [22 889] [23 889] [23 888] 
[24 888] [25 888] [25 888] [25 887] [26 887] [26 886] [27 886] 
[28 886] [29 886] [29 887] [29 888] [30 888] [31 888] [32 888] 
[33 888] [34 888] [35 888] [36 888] [37 888] [37 889] [37 890] 
[37 891] [36 891] [36 892] [36 893] [36 893] [35 893] [35 894] 
[35 895] [34 895] [34 896] [34 897] [33 897] [33 898] [32 898] 
[32 899] [32 900] [31 900] [31 901] [31 902] [31 903] [31 904] 
[31 905] [31 906] [30 906] [29 906] [28 906] [27 906] [27 906] 
[27 907] [27 908] [26 908] [26 909] [26 910] [25 910] [24 910] 
[23 910] [22 910] [21 910] [21 909] [20 909] [20 908] [19 908] 
[18 908] [17 908] [16 908] [15 908] [14 908] [13 908] [13 909] 
[12 909] [11 909] [10 909] [9 909] [9 910] [9 911] [8 911] 
[7 911] [7 910] [7 910] [7 911] [7 912] [6 912] [6 913] 
[6 914] [5 914] [5 915] [5 916] [4 916] [4 916] [5 916] 
[5 917] [5 918] [5 919] [5 920] [5 921] [5 922] [5 923] 
[6 923] [6 924] [6 925] [7 925] [7 926] [7 927] [7 927] 
[8 927] [9 927] [10 927] [11 927] [11 928] [11 929] [12 929] 
[13 929] [13 929] [13 928] [14 928] [15 928] [16 928] [17 928] 
[18 928] [18 927] [19 927] [20 927] [21 927] [21 926] [21 925] 
[22 925] [23 925] [24 925] [25 925] [25 924] [25 923] [26 923] 
[27 923] [28 923] [29 923] [29 924] [29 924] [30 924] [31 924] 
[32 924] [33 924] [34 924] [35 924] [35 925] [36 925] [36 926] 
[36 927] [37 927] [38 927] [38 928] [39 928] [39 929] [40 929] 
[41 929] [41 930] [42 930] [42 931] [42 931] [43 931] [44 931] 
[44 932] [44 933] [44 934] [45 934] [45 935] [46 935] [47 935] 
[47 936] [47 937] [48 937] [48 938] [48 939] [49 939] [50 939] 
[51 939] [51 940] [52 940] [53 940] [53 940] [54 940] [55 940] 
[56 940] [57 940] [58 940] [58 941] [59 941] [60 941] [61 941] 
[62 941] [63 941] [64 941] [64 940] [65 940] [66 940] [67 940] 
[68 940] [69 940] [69 941] [69 942] [69 942] [69 943] [70 943] 
[71 943] [71 944] [72 944] [73 944] [73 945] [74 945] [75 945] 
[75 946] [76 946] [76 947] [77 947] [77 948] [78 948] [78 949] 
[79 949] [79 950] [80 950] [81 950] [81 950] [82 950] [82 951] 
[83 951] [84 951] [84 952] [85 952] [86 952] [86 951] [87 951] 
[88 951] [88 952] [89 952] [89 953] [89 954] [89 954] [89 953] 
[89 952] [89 951] [90 951] [91 951] [92 950] [92 949] [92 948] 
[92 947] [93 947] [94 947] [94 946] [94 945] [95 945] [95 944] 
[95 943] [95 942] [96 942] [96 941] [96 940] [96 940] [96 939] 
[97 939] [97 938] [97 937] [97 936] [98 936] [98 935] [98 934] 
[98 933] [98 932] [98 931] [98 930] [99 930] [99 929] [99 928] 
[99 927] [99 926] [99 925] [99 924] [99 923] [99 923] [99 922] 
[99 921] [99 920] [99 919] [99 918] [99 917] [99 916] [99 915] 
[99 914] [99 913] [99 912] [99 911] [99 910] [99 909] [99 908] 
[99 907] [99 906] [99 905] [99 904] [99 903] [99 903] [99 902] 
[99 901] [99 900] [99 899] [99 898] [99 897] [99 896] [99 895] 
[99 894] [99 893] [99 892] [99 891] [99 890] [98 890] [98 889] 
[98 888] [98 887] [98 886] [98 885] [98 884] [98 884] [98 883] 
[97 883] [97 882] [97 881] [97 880] [96 880] [96 879] [96 878] 
[96 877] [95 877] [94 877] [93 877] [92 877] [92 876] [91 876] 
[90 876] [89 876] [88 876] [87 876] [86 876] [85 876] [85 876] 
[84 876] [84 877] [83 877] [82 877] [81 877] [81 878] [80 878] 
[80 879] [79 879] [78 879] [78 880] [77 880] [76 880] [75 880] 
[74 880] [73 880] [72 880] [71 880] [71 881] [70 881] [69 881] 
[68 881] [68 881] [67 881] [66 881] [65 881] [64 881] [64 882] 
[63 882] [62 882] [61 882] [60 882] [59 882] [58 882] [57 882] 
[56 882] [55 882] [54 882] [53 882] [52 882] [51 882] [50 882] 
[49 882] [49 882] 

User path


[33 881] [32 881] [32 881] [32 881] [31 881] [31 881] [31 881] 
[30 882] [30 882] [30 883] [29 883] [29 883] [29 884] [28 884] 
[28 884] [27 885] [27 885] [26 886] [25 886] [24 887] [24 887] 
[23 887] [23 887] [23 887] [22 887] [22 887] [22 887] [21 886] 
[21 886] [21 885] [20 885] [20 884] [20 884] [19 883] [19 883] 
[19 883] [19 882] [18 882] [19 882] [18 881] [18 881] [18 880] 
[18 880] [17 880] [17 879] [17 879] [17 879] [17 879] [17 879] 
[16 879] [16 878] [16 878] [16 878] [15 878] [15 878] [15 878] 
[14 878] [14 878] [14 878] [13 878] [13 878] [13 878] [12 878] 
[10 879] [10 880] [10 880] [9 880] [9 881] [9 881] [8 881] 
[8 881] [8 882] [7 883] [7 884] [7 884] [7 884] [7 885] 
[7 885] [7 885] [6 886] [6 886] [6 886] [6 887] [6 887] 
[6 887] [6 888] [6 888] [6 888] [6 889] [6 889] [5 890] 
[5 891] [5 892] [8 892] [5 892] [5 892] [5 893] [5 893] 
[5 893] [5 894] [5 894] [5 894] [5 895] [5 895] [5 895] 
[6 895] [6 896] [6 896] [7 896] [7 897] [7 897] [7 897] 
[8 897] [9 898] [9 898] [10 898] [11 899] [11 899] [11 899] 
[12 899] [12 899] [13 899] [13 899] [14 899] [14 899] [15 899] 
[15 899] [15 898] [16 898] [16 897] [17 897] [17 897] [18 897] 
[19 896] [19 896] [19 896] [20 896] [20 895] [20 895] [21 895] 
[21 895] [21 895] [22 895] [22 894] [22 894] [23 894] [23 894] 
[23 894] [23 893] [24 893] [24 893] [24 893] [25 893] [25 892] 
[25 892] [25 892] [25 892] [26 892] [26 892] [26 892] [26 891] 
[25 888] [25 888] [27 891] [27 891] [27 891] [28 891] [28 891] 
[28 891] [28 890] [29 890] [29 890] [29 890] [30 890] [30 890] 
[30 890] [31 890] [31 890] [32 890] [32 890] [33 890] [33 890] 
[33 890] [33 890] [34 890] [34 891] [34 891] [35 891] [35 891] 
[35 891] [35 892] [35 892] [35 893] [36 893] [35 893] [35 894] 
[35 894] [35 894] [35 894] [35 895] [34 895] [34 895] [34 895] 
[34 895] [34 896] [33 896] [33 897] [33 897] [33 897] [32 898] 
[32 898] [31 899] [30 899] [29 899] [29 900] [29 900] [28 900] 
[27 900] [27 900] [26 900] [26 901] [25 901] [25 901] [24 901] 
[24 903] [24 901] [24 901] [23 901] [23 901] [22 901] [22 901] 
[21 901] [21 901] [20 901] [20 901] [20 902] [19 902] [19 902] 
[18 902] [18 902] [18 902] [17 902] [17 902] [17 903] [17 903] 
[16 903] [16 903] [15 903] [15 903] [14 903] [14 903] [14 904] 
[13 904] [13 904] [13 904] [13 905] [13 905] [13 905] [13 905] 
[13 904] [13 904] [12 904] [12 903] [12 903] [12 903] [11 902] 
[11 902] [11 901] [11 901] [11 900] [11 900] [11 900] [12 900] 
[12 900] [12 900] [13 900] [13 900] [13 900] [14 899] [14 899] 
[14 899] [14 899] [15 899] [15 898] [15 897] [16 897] [16 896] 
[17 895] [17 894] [18 894] [18 892] [19 892] [19 891] [19 891] 
[20 891] [20 890] [21 890] [21 890] [22 890] [22 890] [23 889] 
[23 889] [23 889] [24 889] [24 889] [24 889] [24 889] [25 890] 
[25 890] [25 890] [25 891] [25 891] [25 892] [25 892] [25 893] 
[25 893] [25 894] [25 894] [25 894] [25 894] [26 895] [26 895] 
[27 894] [27 894] [27 894] [28 893] [28 893] [29 893] [29 892] 
[29 892] [29 892] [30 892] [30 891] [30 891] [30 891] [30 890] 
[31 890] [31 889] [31 889] [31 889] [31 889] [32 888] [32 888] 
[32 888] [33 888] [33 888] [34 888] [34 888] [35 888] [35 888] 
[35 888] [36 888] [36 888] [36 888] [36 889] [37 889] [37 889] 
[37 889] [38 889] [38 890] [38 890] [38 891] [38 892] [38 892] 
[38 892] [38 893] [38 894] [38 894] [38 895] [38 895] [38 896] 
[38 896] [38 897] [38 897] [37 897] [37 898] [37 898] [36 898] 
[36 898] [36 898] [36 899] [35 899] [35 899] [35 899] [34 899] 
[34 899] [34 899] [33 899] [33 900] [33 900] [32 900] [32 900] 
[32 900] [31 900] [31 900] [31 900] [30 900] [30 900] [30 900] 
[29 900] [29 900] [29 901] [29 901] [28 901] [28 902] [28 902] 
[28 902] [28 902] [28 903] [27 903] [27 904] [27 904] [27 905] 
[27 905] [27 905] [27 906] [27 906] [27 906] [26 907] [26 907] 
[26 907] [25 907] [25 907] [25 907] [24 907] [24 907] [23 907] 
[23 907] [22 907] [22 907] [21 907] [21 907] [20 907] [20 907] 
[19 907] [19 907] [19 906] [19 906] [19 906] [18 906] [18 905] 
[18 905] [17 905] [17 905] [16 905] [16 905] [16 905] [15 905] 
[15 905] [13 905] [13 908] [12 905] [12 905] [11 905] [11 905] 
[10 906] [10 906] [10 906] [9 906] [8 906] [8 907] [7 907] 
[7 908] [7 908] [6 909] [6 909] [6 909] [5 909] [5 910] 
[5 910] [5 911] [4 911] [4 911] [3 912] [3 912] [3 913] 
[3 913] [3 913] [3 914] [3 914] [3 915] [3 915] [3 916] 
[3 916] [3 917] [3 917] [3 918] [3 918] [3 919] [3 919] 
[3 919] [3 920] [3 920] [3 920] [3 920] [3 919] [3 918] 
[3 918] [3 917] [3 917] [3 916] [3 916] [4 915] [5 915] 
[5 915] [5 915] [5 914] [6 914] [6 914] [6 914] [6 914] 
[6 913] [7 913] [7 913] [7 913] [7 912] [9 911] [6 912] 
[6 912] [6 912] [5 912] [5 912] [5 912] [5 912] [4 912] 
[3 912] [3 912] [3 911] [3 911] [4 911] [5 910] [5 910] 
[5 910] [6 910] [6 910] [6 910] [7 910] [7 910] [8 910] 
[8 910] [8 910] [9 910] [9 910] [9 910] [9 910] [9 910] 
[9 909] [9 909] [9 909] [8 909] [8 909] [8 909] [7 909] 
[7 909] [7 909] [6 909] [6 909] [6 910] [5 910] [5 910] 
[5 910] [4 910] [3 910] [3 911] [3 911] [3 911] [3 912] 
[3 912] [3 912] [3 913] [3 913] [3 913] [3 914] [3 914] 
[3 915] [3 915] [3 916] [3 916] [3 916] [3 917] [3 917] 
[3 918] [3 918] [3 919] [3 918] [3 917] [3 917] [3 916] 
[3 916] [3 916] [3 916] [3 915] [3 915] [3 915] [3 914] 
[4 913] [5 913] [5 912] [5 912] [5 912] [5 911] [5 910] 
[6 910] [6 910] [6 909] [6 909] [6 909] [6 909] [6 909] 
[6 909] [6 910] [5 910] [5 910] [5 910] [5 911] [4 911] 
[3 911] [3 912] [3 912] [4 912] [4 912] [4 912] [5 912] 
[5 912] [5 912] [6 912] [6 912] [6 911] [6 911] [6 911] 
[7 911] [7 910] [7 910] [7 910] [7 909] [7 910] [7 910] 
[7 910] [7 910] [7 910] [6 910] [6 911] [6 911] [6 911] 
[5 911] [5 911] [4 912] [3 912] [3 912] [3 912] [3 913] 
[3 913] [3 913] [3 914] [3 914] [3 915] [3 915] [3 915] 
[3 916] [3 916] [3 916] [3 917] [3 917] [3 917] [3 918] 
[3 918] [3 918] [3 919] [3 919] [3 919] [3 920] [3 920] 
[3 920] [3 919] [3 919] [3 919] [3 918] [3 918] [3 918] 
[3 917] [3 917] [4 917] [4 916] [4 916] [4 917] [4 917] 
[4 918] [4 919] [4 919] [3 919] [3 920] [3 920] [3 920] 
[3 921] [3 921] [3 921] [3 922] [3 922] [3 922] [3 923] 
[3 923] [3 923] [3 924] [3 924] [3 924] [4 925] [4 925] 
[5 926] [5 926] [5 926] [5 926] [5 927] [6 927] [6 927] 
[6 927] [6 928] [7 928] [7 928] [7 928] [8 929] [8 929] 
[7 929] [7 929] [7 929] [6 929] [6 928] [6 928] [6 928] 
[6 928] [6 927] [7 927] [7 927] [7 927] [7 927] [7 928] 
[7 928] [8 928] [8 929] [8 929] [8 929] [8 929] [9 929] 
[9 930] [9 930] [9 930] [10 930] [10 931] [10 931] [11 931] 
[11 931] [11 931] [12 931] [12 931] [12 931] [13 931] [13 931] 
[13 931] [14 931] [14 931] [15 931] [15 931] [15 931] [16 930] 
[16 930] [17 930] [17 930] [17 930] [18 930] [18 929] [18 929] 
[18 929] [19 929] [19 929] [19 929] [20 928] [20 928] [20 928] 
[21 928] [21 927] [21 927] [22 927] [22 927] [23 926] [23 925] 
[24 926] [24 926] [24 926] [24 926] [25 926] [25 926] [25 926] 
[26 926] [26 926] [26 926] [27 926] [27 926] [27 926] [28 926] 
[28 926] [28 926] [29 926] [29 926] [28 927] [26 927] [25 927] 
[24 927] [23 928] [23 928] [22 928] [21 928] [21 928] [20 928] 
[19 928] [18 928] [18 928] [17 928] [17 928] [16 928] [16 928] 
[16 928] [15 928] [15 928] [15 928] [15 928] [15 928] [14 928] 
[14 928] [14 929] [13 929] [13 929] [13 929] [14 929] [14 929] 
[15 929] [15 929] [15 929] [16 929] [16 929] [17 929] [18 929] 
[18 929] [18 929] [18 929] [19 929] [19 928] [20 928] [20 928] 
[20 927] [20 927] [21 927] [21 927] [21 927] [22 927] [22 926] 
[22 926] [23 926] [23 926] [23 926] [24 926] [24 926] [24 926] 
[25 926] [25 926] [25 926] [26 926] [26 926] [26 926] [27 926] 
[27 926] [27 926] [28 926] [28 926] [28 926] [29 926] [29 924] 
[29 926] [29 926] [30 926] [30 927] [31 927] [31 927] [31 927] 
[32 927] [32 928] [33 928] [33 928] [34 928] [34 928] [34 928] 
[35 928] [35 928] [35 929] [36 929] [36 929] [36 929] [36 929] 
[36 930] [37 930] [37 930] [37 931] [38 931] [38 931] [38 932] 
[39 932] [42 931] [39 932] [39 933] [39 933] [39 933] [39 934] 
[39 934] [40 934] [40 935] [40 935] [40 935] [40 935] [41 936] 
[41 936] [41 936] [41 937] [42 937] [42 937] [43 938] [43 938] 
[44 938] [44 939] [44 939] [44 939] [44 940] [45 940] [45 940] 
[46 940] [46 941] [46 941] [46 941] [47 942] [47 942] [48 942] 
[48 942] [48 942] [49 943] [49 943] [50 943] [51 944] [51 944] 
[51 944] [52 944] [52 944] [52 944] [53 944] [53 944] [53 944] 
[54 944] [54 944] [54 944] [55 943] [53 940] [55 943] [56 943] 
[56 943] [56 942] [57 942] [57 942] [57 942] [58 942] [58 941] 
[58 941] [59 941] [59 941] [59 941] [60 940] [60 940] [60 940] 
[61 940] [61 939] [62 939] [62 939] [63 939] [63 939] [64 939] 
[64 939] [64 940] [65 940] [65 940] [65 940] [65 941] [66 941] 
[66 941] [66 941] [66 942] [67 942] [67 942] [67 942] [67 943] 
[68 943] [69 942] [68 944] [68 944] [68 944] [69 945] [69 945] 
[69 945] [70 945] [70 946] [70 946] [70 946] [71 947] [71 947] 
[71 948] [71 948] [72 948] [72 949] [73 949] [73 949] [73 950] 
[74 950] [74 950] [75 950] [75 951] [75 951] [76 952] [76 952] 
[77 952] [77 952] [77 952] [77 953] [78 953] [78 953] [79 953] 
[81 950] [79 953] [80 954] [80 954] [80 954] [81 954] [81 955] 
[81 955] [81 955] [82 955] [82 955] [83 956] [83 957] [84 957] 
[84 957] [85 957] [85 957] [86 957] [86 957] [86 957] [87 957] 
[87 957] [88 957] [88 957] [89 957] [89 957] [90 957] [90 957] 
[91 957] [91 957] [92 957] [92 957] [93 957] [93 957] [93 956] 
[94 955] [94 955] [94 955] [94 954] [95 954] [95 954] [95 954] 
[95 953] [95 953] [95 953] [95 952] [95 952] [95 952] [95 951] 
[95 951] [95 951] [95 950] [95 950] [95 950] [95 949] [95 949] 
[95 949] [95 948] [95 949] [95 949] [95 950] [95 951] [95 952] 
[95 953] [95 953] [94 953] [94 954] [94 955] [94 955] [94 956] 
[94 957] [94 957] [94 957] [93 957] [93 957] [93 957] [92 957] 
[92 957] [92 957] [91 957] [91 957] [91 957] [90 957] [90 957] 
[90 957] [89 957] [89 956] [89 955] [89 955] [89 955] [89 954] 
[89 954] [89 955] [89 955] [89 955] [89 956] [89 957] [90 957] 
[90 957] [90 957] [91 957] [91 957] [92 957] [92 957] [93 957] 
[93 957] [93 957] [94 957] [94 957] [95 957] [95 957] [95 956] 
[95 955] [95 955] [95 954] [95 953] [95 952] [95 951] [95 951] 
[95 951] [95 950] [95 950] [95 950] [95 949] [95 949] [95 948] 
[95 948] [95 948] [95 947] [95 947] [95 947] [95 946] [95 946] 
[95 946] [95 945] [95 945] [95 945] [95 944] [95 944] [95 944] 
[95 943] [95 943] [95 943] [96 942] [96 942] [96 942] [96 941] 
[96 941] [96 941] [96 940] [96 940] [96 940] [96 939] [97 939] 
[97 939] [97 938] [97 937] [98 937] [98 936] [98 935] [98 934] 
[99 934] [99 933] [99 932] [100 932] [100 931] [100 931] [100 931] 
[100 930] [100 930] [100 929] [100 929] [100 929] [100 928] [100 928] 
[100 927] [100 927] [100 926] [100 926] [100 925] [100 924] [100 924] 
[100 923] [99 923] [100 922] [100 921] [100 920] [100 920] [100 919] 
[100 918] [100 918] [100 918] [100 917] [100 917] [100 916] [100 915] 
[100 915] [100 914] [100 913] [100 912] [100 911] [100 910] [100 910] 
[100 909] [100 909] [100 908] [100 907] [100 907] [100 906] [100 906] 
[100 905] [100 904] [100 904] [100 903] [99 903] [100 902] [100 901] 
[100 900] [100 899] [100 898] [100 898] [100 896] [100 896] [100 895] 
[100 895] [100 894] [100 894] [100 893] [100 893] [100 892] [100 892] 
[100 891] [100 890] [100 889] [99 889] [99 888] [99 888] [99 887] 
[99 887] [99 886] [99 886] [99 885] [98 885] [98 884] [98 884] 
[98 884] [98 883] [98 883] [98 883] [98 882] [98 881] [98 881] 
[98 880] [97 879] [97 879] [97 878] [97 878] [97 877] [97 877] 
[97 877] [97 876] [96 876] [96 875] [96 875] [96 875] [96 875] 
[96 874] [95 874] [95 874] [95 873] [94 873] [94 873] [94 873] 
[93 873] [93 873] [92 873] [92 873] [92 873] [91 873] [91 873] 
[90 873] [90 873] [89 873] [89 873] [88 873] [88 873] [87 873] 
[87 873] [86 873] [86 873] [85 873] [85 876] [85 873] [84 873] 
[84 873] [83 873] [83 873] [83 873] [82 873] [82 873] [82 874] 
[81 874] [81 874] [81 874] [80 874] [80 874] [79 874] [79 874] 
[79 874] [78 874] [78 874] [78 875] [78 875] [77 875] [77 875] 
[77 876] [77 876] [76 876] [76 876] [76 877] [76 877] [76 877] 
[76 878] [75 878] [75 878] [75 878] [75 878] [75 879] [74 879] 
[74 879] [74 879] [73 879] [73 879] [72 880] [72 880] [72 880] 
[71 880] [71 880] [70 880] [70 880] [69 880] [68 880] [68 881] 
[68 880] [67 880] [67 880] [66 880] [66 880] [65 880] [64 880] 
[64 880] [63 880] [63 880] [62 880] [62 880] [62 880] [61 880] 
[61 880] [60 880] [60 880] [60 880] [59 880] [59 880] [59 880] 
[58 880] [58 880] [57 880] [56 880] [56 880] [55 879] [55 879] 
[54 879] [54 879] [54 879] [53 879] [53 879] [53 879] [53 879] 
[52 879] [52 879] [51 879] [51 879] [51 879] [50 879] [50 879] 
[49 879] [49 882] [49 878] [48 878] [48 878] [47 878] [47 878] 
[46 878] [46 878] [45 878] [45 878] [44 878] [44 878] [43 878] 
[42 878] [42 878] [41 878] [41 878] [41 878] [40 878] [40 877] 
[39 877] [39 877] [39 877] [38 877] [38 877] [37 877] [37 877] 
[37 876] [37 876] [36 876] [36 876] [35 876] [35 875] [34 875] 
[34 875] [34 875] [33 875] [33 875] [33 875] [32 874] [32 874] 
[31 874] [31 874] [30 874] [30 874] [30 874] [29 874] [29 874] 
[28 874] [28 874] [28 874] [27 874] [27 874] [27 874] [26 874] 
[26 874] [26 874] [26 875] [26 875] [26 876] [27 876] [27 877] 
[27 877] [27 877] [28 877] [28 878] [29 878] [29 878] [30 878] 
[30 879] [31 879] [31 879] [32 879] [32 879] [33 879] [33 879] 
[33 880] [33 880] [33 881] 

		Begin Printing Seed information

Seed point: 33 881 	Path 0 22 	User path 0 37 0

Seed point: 18 882 	Path 23 43 	User path 37 93 37

Seed point: 8 892 	Path 44 64 	User path 93 162 93

Seed point: 25 888 	Path 65 87 	User path 162 193 162

Seed point: 36 893 	Path 88 110 	User path 193 416 193

Seed point: 27 906 	Path 111 141 	User path 416 636 416

Seed point: 7 910 	Path 142 151 	User path 636 683 636

Seed point: 4 916 	Path 152 166 	User path 683 731 683

Seed point: 7 927 	Path 167 175 	User path 731 830 731

Seed point: 13 929 	Path 176 199 	User path 830 874 830

Seed point: 29 924 	Path 200 220 	User path 874 904 874

Seed point: 42 931 	Path 221 241 	User path 904 956 904

Seed point: 53 940 	Path 242 262 	User path 956 995 956

Seed point: 69 942 	Path 263 283 	User path 995 1029 995

Seed point: 81 950 	Path 284 298 	User path 1029 1120 1029

Seed point: 89 954 	Path 299 319 	User path 1120 1179 1120

Seed point: 96 940 	Path 320 340 	User path 1179 1212 1179

Seed point: 99 923 	Path 341 361 	User path 1212 1243 1212

Seed point: 99 903 	Path 362 382 	User path 1243 1273 1243

Seed point: 98 884 	Path 383 404 	User path 1273 1320 1273

Seed point: 85 876 	Path 405 427 	User path 1320 1371 1320

Seed point: 68 881 	Path 428 448 	User path 1371 1415 1371

Seed point: 49 882 	Path 449 466 	User path 1415 1494 1415

Seed point: 33 881 	Path 467 467 	User path 1494 1494 1494

---------------------

Print path: 



[33 881] [33 882] [32 882] [32 883] [31 883] [30 883] [29 883] 
[28 883] [27 883] [26 883] [25 883] [25 884] [24 884] [23 884] 
[22 884] [22 885] [21 885] [20 885] [19 885] [18 885] [18 884] 
[18 883] [18 882] [18 882] [18 883] [18 884] [17 884] [17 885] 
[16 885] [15 885] [15 884] [14 883] [13 883] [12 883] [11 884] 
[10 885] [9 886] [9 887] [9 888] [9 889] [9 890] [8 890] 
[8 891] [8 892] [8 892] [9 892] [10 892] [11 893] [12 894] 
[13 893] [14 892] [15 891] [15 890] [16 890] [16 889] [17 889] 
[18 889] [19 889] [20 889] [21 889] [22 889] [23 889] [23 888] 
[24 888] [25 888] [25 888] [25 887] [26 887] [26 886] [27 886] 
[28 886] [29 886] [29 887] [29 888] [30 888] [31 888] [32 888] 
[33 888] [34 888] [35 888] [36 888] [37 888] [37 889] [37 890] 
[37 891] [36 891] [36 892] [36 893] [36 893] [35 893] [35 894] 
[35 895] [34 895] [34 896] [34 897] [33 897] [33 898] [32 898] 
[32 899] [32 900] [31 900] [31 901] [31 902] [31 903] [31 904] 
[31 905] [31 906] [30 906] [29 906] [28 906] [27 906] [27 906] 
[27 907] [27 908] [26 908] [26 909] [26 910] [25 910] [24 910] 
[23 910] [22 910] [21 910] [21 909] [20 909] [20 908] [19 908] 
[18 908] [17 908] [16 908] [15 908] [14 908] [13 908] [13 909] 
[12 909] [11 909] [10 909] [9 909] [9 910] [9 911] [8 911] 
[7 911] [7 910] [7 910] [7 911] [7 912] [6 912] [6 913] 
[6 914] [5 914] [5 915] [5 916] [4 916] [4 916] [5 916] 
[5 917] [5 918] [5 919] [5 920] [5 921] [5 922] [5 923] 
[6 923] [6 924] [6 925] [7 925] [7 926] [7 927] [7 927] 
[8 927] [9 927] [10 927] [11 927] [11 928] [11 929] [12 929] 
[13 929] [13 929] [13 928] [14 928] [15 928] [16 928] [17 928] 
[18 928] [18 927] [19 927] [20 927] [21 927] [21 926] [21 925] 
[22 925] [23 925] [24 925] [25 925] [25 924] [25 923] [26 923] 
[27 923] [28 923] [29 923] [29 924] [29 924] [30 924] [31 924] 
[32 924] [33 924] [34 924] [35 924] [35 925] [36 925] [36 926] 
[36 927] [37 927] [38 927] [38 928] [39 928] [39 929] [40 929] 
[41 929] [41 930] [42 930] [42 931] [42 931] [43 931] [44 931] 
[44 932] [44 933] [44 934] [45 934] [45 935] [46 935] [47 935] 
[47 936] [47 937] [48 937] [48 938] [48 939] [49 939] [50 939] 
[51 939] [51 940] [52 940] [53 940] [53 940] [54 940] [55 940] 
[56 940] [57 940] [58 940] [58 941] [59 941] [60 941] [61 941] 
[62 941] [63 941] [64 941] [64 940] [65 940] [66 940] [67 940] 
[68 940] [69 940] [69 941] [69 942] [69 942] [69 943] [70 943] 
[71 943] [71 944] [72 944] [73 944] [73 945] [74 945] [75 945] 
[75 946] [76 946] [76 947] [77 947] [77 948] [78 948] [78 949] 
[79 949] [79 950] [80 950] [81 950] [81 950] [82 950] [82 951] 
[83 951] [84 951] [84 952] [85 952] [86 952] [86 951] [87 951] 
[88 951] [88 952] [89 952] [89 953] [89 954] [89 954] [89 953] 
[89 952] [89 951] [90 951] [91 951] [92 950] [92 949] [92 948] 
[92 947] [93 947] [94 947] [94 946] [94 945] [95 945] [95 944] 
[95 943] [95 942] [96 942] [96 941] [96 940] [96 940] [96 939] 
[97 939] [97 938] [97 937] [97 936] [98 936] [98 935] [98 934] 
[98 933] [98 932] [98 931] [98 930] [99 930] [99 929] [99 928] 
[99 927] [99 926] [99 925] [99 924] [99 923] [99 923] [99 922] 
[99 921] [99 920] [99 919] [99 918] [99 917] [99 916] [99 915] 
[99 914] [99 913] [99 912] [99 911] [99 910] [99 909] [99 908] 
[99 907] [99 906] [99 905] [99 904] [99 903] [99 903] [99 902] 
[99 901] [99 900] [99 899] [99 898] [99 897] [99 896] [99 895] 
[99 894] [99 893] [99 892] [99 891] [99 890] [98 890] [98 889] 
[98 888] [98 887] [98 886] [98 885] [98 884] [98 884] [98 883] 
[97 883] [97 882] [97 881] [97 880] [96 880] [96 879] [96 878] 
[96 877] [95 877] [94 877] [93 877] [92 877] [92 876] [91 876] 
[90 876] [89 876] [88 876] [87 876] [86 876] [85 876] [85 876] 
[84 876] [84 877] [83 877] [82 877] [81 877] [81 878] [80 878] 
[80 879] [79 879] [78 879] [78 880] [77 880] [76 880] [75 880] 
[74 880] [73 880] [72 880] [71 880] [71 881] [70 881] [69 881] 
[68 881] [68 881] [67 881] [66 881] [65 881] [64 881] [64 882] 
[63 882] [62 882] [61 882] [60 882] [59 882] [58 882] [57 882] 
[56 882] [55 882] [54 882] [53 882] [52 882] [51 882] [50 882] 
[49 882] [49 882] [48 882] [47 882] [46 882] [46 881] [45 881] 
[44 881] [43 881] [42 881] [41 881] [40 881] [39 881] [38 881] 
[37 881] [36 881] [35 881] [34 881] [33 881] [33 881] 

